p/(500).png 1 0 0 192 82
p/(499).png 1 0 0 151 153
p/(498).png 1 0 0 116 127
p/(497).png 1 0 0 85 117
p/(496).png 1 0 0 82 114
p/(495).png 1 0 0 47 80
p/(494).png 1 0 0 99 110
p/(493).png 1 0 0 90 111
p/(492).png 1 0 0 77 92
p/(491).png 1 0 0 118 182
p/(490).png 1 0 0 59 138
p/(489).png 1 0 0 67 121
p/(488).png 1 0 0 123 96
p/(487).png 1 0 0 65 126
p/(486).png 1 0 0 154 77
p/(485).png 1 0 0 73 89
p/(484).png 1 0 0 267 161
p/(483).png 1 0 0 87 122
p/(482).png 1 0 0 90 114
p/(481).png 1 0 0 71 102
p/(480).png 1 0 0 80 82
p/(479).png 1 0 0 172 101
p/(478).png 1 0 0 70 91
p/(477).png 1 0 0 58 94
p/(476).png 1 0 0 62 81
p/(475).png 1 0 0 101 173
p/(474).png 1 0 0 71 177
p/(473).png 1 0 0 92 181
p/(472).png 1 0 0 99 189
p/(471).png 1 0 0 83 153
p/(470).png 1 0 0 75 233
p/(469).png 1 0 0 142 92
p/(468).png 1 0 0 154 89
p/(467).png 1 0 0 125 83
p/(466).png 1 0 0 152 97
p/(465).png 1 0 0 58 51
p/(464).png 1 0 0 79 78
p/(463).png 1 0 0 69 86
p/(462).png 1 0 0 84 80
p/(461).png 1 0 0 213 81
p/(460).png 1 0 0 297 86
p/(459).png 1 0 0 102 95
p/(458).png 1 0 0 102 117
p/(457).png 1 0 0 132 82
p/(456).png 1 0 0 120 122
p/(455).png 1 0 0 147 113
p/(454).png 1 0 0 74 161
p/(453).png 1 0 0 81 122
p/(452).png 1 0 0 81 142
p/(451).png 1 0 0 71 147
p/(450).png 1 0 0 74 116
p/(449).png 1 0 0 111 96
p/(448).png 1 0 0 118 112
p/(447).png 1 0 0 49 110
p/(446).png 1 0 0 213 142
p/(445).png 1 0 0 114 72
p/(444).png 1 0 0 117 156
p/(443).png 1 0 0 131 96
p/(442).png 1 0 0 81 124
p/(441).png 1 0 0 96 97
p/(440).png 1 0 0 104 94
p/(439).png 1 0 0 93 137
p/(438).png 1 0 0 62 137
p/(437).png 1 0 0 52 102
p/(436).png 1 0 0 55 119
p/(435).png 1 0 0 63 129
p/(434).png 1 0 0 48 120
p/(433).png 1 0 0 58 128
p/(432).png 1 0 0 61 127
p/(431).png 1 0 0 65 139
p/(430).png 1 0 0 82 110
p/(429).png 1 0 0 128 73
p/(428).png 1 0 0 130 79
p/(427).png 1 0 0 64 159
p/(426).png 1 0 0 72 138
p/(425).png 1 0 0 59 158
p/(424).png 1 0 0 122 129
p/(423).png 1 0 0 116 114
p/(422).png 1 0 0 243 112
p/(421).png 1 0 0 152 113
p/(420).png 1 0 0 249 133
p/(419).png 1 0 0 143 111
p/(418).png 1 0 0 88 109
p/(417).png 1 0 0 85 106
p/(416).png 1 0 0 123 104
p/(415).png 1 0 0 115 183
p/(414).png 1 0 0 87 167
p/(413).png 1 0 0 111 86
p/(412).png 1 0 0 71 133
p/(411).png 1 0 0 68 73
p/(410).png 1 0 0 78 89
p/(409).png 1 0 0 165 88
p/(408).png 1 0 0 177 100
p/(407).png 1 0 0 128 203
p/(406).png 1 0 0 76 188
p/(405).png 1 0 0 84 153
p/(404).png 1 0 0 118 170
p/(403).png 1 0 0 101 165
p/(402).png 1 0 0 147 86
p/(401).png 1 0 0 159 164
p/(400).png 1 0 0 108 120
p/(399).png 1 0 0 151 90
p/(398).png 1 0 0 153 115
p/(397).png 1 0 0 139 84
p/(396).png 1 0 0 87 159
p/(395).png 1 0 0 164 86
p/(394).png 1 0 0 141 92
p/(393).png 1 0 0 148 98
p/(392).png 1 0 0 129 136
p/(391).png 1 0 0 89 157
p/(390).png 1 0 0 104 126
p/(389).png 1 0 0 158 78
p/(388).png 1 0 0 180 112
p/(387).png 1 0 0 100 152
p/(386).png 1 0 0 96 91
p/(385).png 1 0 0 124 99
p/(384).png 1 0 0 84 104
p/(383).png 1 0 0 125 118
p/(382).png 1 0 0 119 159
p/(381).png 1 0 0 101 114
p/(380).png 1 0 0 220 135
p/(379).png 1 0 0 87 134
p/(378).png 1 0 0 116 113
p/(377).png 1 0 0 123 158
p/(376).png 1 0 0 69 97
p/(375).png 1 0 0 128 98
p/(374).png 1 0 0 99 90
p/(373).png 1 0 0 130 92
p/(372).png 1 0 0 145 92
p/(371).png 1 0 0 97 153
p/(370).png 1 0 0 100 98
p/(369).png 1 0 0 115 100
p/(368).png 1 0 0 133 77
p/(367).png 1 0 0 86 137
p/(366).png 1 0 0 108 168
p/(365).png 1 0 0 80 120
p/(364).png 1 0 0 173 93
p/(363).png 1 0 0 198 116
p/(362).png 1 0 0 142 88
p/(361).png 1 0 0 109 74
p/(360).png 1 0 0 103 160
p/(359).png 1 0 0 91 110
p/(358).png 1 0 0 129 139
p/(357).png 1 0 0 64 122
p/(356).png 1 0 0 74 147
p/(355).png 1 0 0 71 153
p/(354).png 1 0 0 90 158
p/(353).png 1 0 0 172 94
p/(352).png 1 0 0 166 89
p/(351).png 1 0 0 78 168
p/(350).png 1 0 0 81 159
p/(349).png 1 0 0 69 116
p/(348).png 1 0 0 70 146
p/(347).png 1 0 0 133 105
p/(346).png 1 0 0 78 185
p/(345).png 1 0 0 82 127
p/(344).png 1 0 0 67 110
p/(343).png 1 0 0 81 73
p/(342).png 1 0 0 181 188
p/(341).png 1 0 0 122 105
p/(340).png 1 0 0 105 155
p/(339).png 1 0 0 156 73
p/(338).png 1 0 0 116 142
p/(337).png 1 0 0 260 115
p/(336).png 1 0 0 109 165
p/(335).png 1 0 0 78 130
p/(334).png 1 0 0 104 167
p/(333).png 1 0 0 75 145
p/(332).png 1 0 0 110 138
p/(331).png 1 0 0 89 100
p/(330).png 1 0 0 269 135
p/(329).png 1 0 0 203 170
p/(328).png 1 0 0 186 251
p/(327).png 1 0 0 115 138
p/(326).png 1 0 0 86 172
p/(325).png 1 0 0 64 81
p/(324).png 1 0 0 63 78
p/(323).png 1 0 0 60 61
p/(322).png 1 0 0 66 80
p/(321).png 1 0 0 135 108
p/(320).png 1 0 0 152 162
p/(319).png 1 0 0 152 149
p/(318).png 1 0 0 142 146
p/(317).png 1 0 0 123 144
p/(316).png 1 0 0 84 181
p/(315).png 1 0 0 143 165
p/(314).png 1 0 0 106 148
p/(313).png 1 0 0 161 157
p/(312).png 1 0 0 127 148
p/(311).png 1 0 0 125 154
p/(310).png 1 0 0 208 101
p/(309).png 1 0 0 225 103
p/(308).png 1 0 0 162 270
p/(307).png 1 0 0 96 72
p/(306).png 1 0 0 155 119
p/(305).png 1 0 0 109 87
p/(304).png 1 0 0 220 62
p/(303).png 1 0 0 208 92
p/(302).png 1 0 0 87 151
p/(301).png 1 0 0 92 140
p/(300).png 1 0 0 87 147
p/(299).png 1 0 0 97 116
p/(298).png 1 0 0 181 108
p/(297).png 1 0 0 66 111
p/(296).png 1 0 0 98 55
p/(295).png 1 0 0 163 77
p/(294).png 1 0 0 189 74
p/(293).png 1 0 0 111 112
p/(292).png 1 0 0 91 152
p/(291).png 1 0 0 94 141
p/(290).png 1 0 0 165 87
p/(289).png 1 0 0 113 67
p/(288).png 1 0 0 102 110
p/(287).png 1 0 0 141 84
p/(286).png 1 0 0 86 113
p/(285).png 1 0 0 168 95
p/(284).png 1 0 0 175 91
p/(283).png 1 0 0 99 190
p/(282).png 1 0 0 77 146
p/(281).png 1 0 0 91 77
p/(280).png 1 0 0 147 92
p/(279).png 1 0 0 135 89
p/(278).png 1 0 0 76 114
p/(277).png 1 0 0 144 109
p/(276).png 1 0 0 101 57
p/(275).png 1 0 0 86 69
p/(274).png 1 0 0 88 113
p/(273).png 1 0 0 116 133
p/(272).png 1 0 0 133 83
p/(271).png 1 0 0 136 85
p/(270).png 1 0 0 133 86
p/(269).png 1 0 0 80 142
p/(268).png 1 0 0 74 81
p/(267).png 1 0 0 68 101
p/(266).png 1 0 0 70 72
p/(265).png 1 0 0 76 146
p/(264).png 1 0 0 175 107
p/(263).png 1 0 0 61 111
p/(262).png 1 0 0 146 125
p/(261).png 1 0 0 73 68
p/(260).png 1 0 0 56 71
p/(259).png 1 0 0 85 97
p/(258).png 1 0 0 47 111
p/(257).png 1 0 0 120 84
p/(256).png 1 0 0 129 93
p/(255).png 1 0 0 72 129
p/(254).png 1 0 0 74 149
p/(253).png 1 0 0 149 209
p/(252).png 1 0 0 162 104
p/(251).png 1 0 0 170 92
p/(250).png 1 0 0 175 70
p/(249).png 1 0 0 169 80
p/(248).png 1 0 0 122 91
p/(247).png 1 0 0 148 102
p/(246).png 1 0 0 93 179
p/(245).png 1 0 0 126 135
p/(244).png 1 0 0 123 141
p/(243).png 1 0 0 146 94
p/(242).png 1 0 0 140 100
p/(241).png 1 0 0 99 107
p/(240).png 1 0 0 87 114
p/(239).png 1 0 0 99 102
p/(238).png 1 0 0 161 95
p/(237).png 1 0 0 97 105
p/(236).png 1 0 0 73 96
p/(235).png 1 0 0 109 111
p/(234).png 1 0 0 148 74
p/(233).png 1 0 0 121 125
p/(232).png 1 0 0 84 172
p/(231).png 1 0 0 126 181
p/(230).png 1 0 0 95 157
p/(229).png 1 0 0 94 170
p/(228).png 1 0 0 153 102
p/(227).png 1 0 0 126 95
p/(226).png 1 0 0 82 109
p/(225).png 1 0 0 129 80
p/(224).png 1 0 0 101 139
p/(223).png 1 0 0 160 104
p/(222).png 1 0 0 149 115
p/(221).png 1 0 0 160 154
p/(220).png 1 0 0 84 114
p/(219).png 1 0 0 111 106
p/(218).png 1 0 0 60 68
p/(217).png 1 0 0 74 103
p/(216).png 1 0 0 90 164
p/(215).png 1 0 0 106 152
p/(214).png 1 0 0 83 112
p/(213).png 1 0 0 156 114
p/(212).png 1 0 0 98 137
p/(211).png 1 0 0 117 151
p/(210).png 1 0 0 100 82
p/(209).png 1 0 0 97 83
p/(208).png 1 0 0 94 73
p/(207).png 1 0 0 119 158
p/(206).png 1 0 0 107 119
p/(205).png 1 0 0 99 164
p/(204).png 1 0 0 99 166
p/(203).png 1 0 0 83 140
p/(202).png 1 0 0 93 159
p/(201).png 1 0 0 119 115
p/(200).png 1 0 0 122 113
p/(199).png 1 0 0 143 115
p/(198).png 1 0 0 125 85
p/(197).png 1 0 0 134 93
p/(196).png 1 0 0 172 94
p/(195).png 1 0 0 155 132
p/(194).png 1 0 0 137 113
p/(193).png 1 0 0 134 140
p/(192).png 1 0 0 103 115
p/(191).png 1 0 0 97 102
p/(190).png 1 0 0 75 114
p/(189).png 1 0 0 96 135
p/(188).png 1 0 0 140 214
p/(187).png 1 0 0 91 123
p/(186).png 1 0 0 144 94
p/(185).png 1 0 0 123 171
p/(184).png 1 0 0 140 116
p/(183).png 1 0 0 110 101
p/(182).png 1 0 0 147 119
p/(181).png 1 0 0 141 138
p/(180).png 1 0 0 97 115
p/(179).png 1 0 0 94 98
p/(178).png 1 0 0 127 75
p/(177).png 1 0 0 152 109
p/(176).png 1 0 0 109 101
p/(175).png 1 0 0 114 103
p/(174).png 1 0 0 121 113
p/(173).png 1 0 0 85 157
p/(172).png 1 0 0 72 170
p/(171).png 1 0 0 124 114
p/(170).png 1 0 0 104 108
p/(169).png 1 0 0 97 135
p/(168).png 1 0 0 188 126
p/(167).png 1 0 0 138 247
p/(166).png 1 0 0 115 122
p/(165).png 1 0 0 118 120
p/(164).png 1 0 0 65 114
p/(163).png 1 0 0 70 111
p/(162).png 1 0 0 69 130
p/(161).png 1 0 0 87 68
p/(160).png 1 0 0 50 62
p/(159).png 1 0 0 75 88
p/(158).png 1 0 0 158 90
p/(157).png 1 0 0 116 105
p/(156).png 1 0 0 123 125
p/(155).png 1 0 0 135 113
p/(154).png 1 0 0 108 130
p/(153).png 1 0 0 133 134
p/(152).png 1 0 0 111 103
p/(151).png 1 0 0 105 102
p/(150).png 1 0 0 149 112
p/(149).png 1 0 0 104 99
p/(148).png 1 0 0 146 103
p/(147).png 1 0 0 108 96
p/(146).png 1 0 0 118 154
p/(145).png 1 0 0 160 138
p/(144).png 1 0 0 134 141
p/(143).png 1 0 0 163 168
p/(142).png 1 0 0 173 96
p/(141).png 1 0 0 133 70
p/(140).png 1 0 0 158 98
p/(139).png 1 0 0 168 125
p/(138).png 1 0 0 153 77
p/(137).png 1 0 0 139 67
p/(136).png 1 0 0 118 63
p/(135).png 1 0 0 122 90
p/(134).png 1 0 0 130 83
p/(133).png 1 0 0 121 85
p/(132).png 1 0 0 145 83
p/(131).png 1 0 0 143 81
p/(130).png 1 0 0 148 90
p/(129).png 1 0 0 128 74
p/(128).png 1 0 0 129 83
p/(127).png 1 0 0 137 84
p/(126).png 1 0 0 139 83
p/(125).png 1 0 0 164 117
p/(124).png 1 0 0 62 119
p/(123).png 1 0 0 68 125
p/(122).png 1 0 0 73 131
p/(121).png 1 0 0 63 129
p/(120).png 1 0 0 68 120
p/(119).png 1 0 0 64 141
p/(118).png 1 0 0 74 136
p/(117).png 1 0 0 87 128
p/(116).png 1 0 0 114 119
p/(115).png 1 0 0 88 91
p/(114).png 1 0 0 91 149
p/(113).png 1 0 0 80 130
p/(112).png 1 0 0 77 114
p/(111).png 1 0 0 78 80
p/(110).png 1 0 0 95 125
p/(109).png 1 0 0 128 129
p/(108).png 1 0 0 98 103
p/(107).png 1 0 0 60 106
p/(106).png 1 0 0 95 78
p/(105).png 1 0 0 75 98
p/(104).png 1 0 0 77 105
p/(103).png 1 0 0 49 116
p/(102).png 1 0 0 75 71
p/(101).png 1 0 0 139 97
p/(100).png 1 0 0 112 64
p/(99).png 1 0 0 118 72
p/(98).png 1 0 0 122 71
p/(97).png 1 0 0 69 120
p/(96).png 1 0 0 100 131
p/(95).png 1 0 0 135 124
p/(94).png 1 0 0 123 96
p/(93).png 1 0 0 157 129
p/(92).png 1 0 0 175 160
p/(91).png 1 0 0 87 110
p/(90).png 1 0 0 196 97
p/(89).png 1 0 0 98 152
p/(88).png 1 0 0 162 97
p/(87).png 1 0 0 156 77
p/(86).png 1 0 0 148 135
p/(85).png 1 0 0 109 70
p/(84).png 1 0 0 147 75
p/(83).png 1 0 0 147 82
p/(82).png 1 0 0 125 71
p/(81).png 1 0 0 154 81
p/(80).png 1 0 0 140 93
p/(79).png 1 0 0 155 126
p/(78).png 1 0 0 148 159
p/(77).png 1 0 0 97 87
p/(76).png 1 0 0 67 91
p/(75).png 1 0 0 138 82
p/(74).png 1 0 0 160 90
p/(73).png 1 0 0 97 91
p/(72).png 1 0 0 84 93
p/(71).png 1 0 0 85 99
p/(70).png 1 0 0 102 97
p/(69).png 1 0 0 74 94
p/(68).png 1 0 0 88 101
p/(67).png 1 0 0 108 119
p/(66).png 1 0 0 73 106
p/(65).png 1 0 0 95 86
p/(64).png 1 0 0 140 134
p/(63).png 1 0 0 105 128
p/(62).png 1 0 0 80 132
p/(61).png 1 0 0 87 83
p/(60).png 1 0 0 110 76
p/(59).png 1 0 0 188 103
p/(58).png 1 0 0 170 151
p/(57).png 1 0 0 90 71
p/(56).png 1 0 0 86 110
p/(55).png 1 0 0 62 103
p/(54).png 1 0 0 100 87
p/(53).png 1 0 0 118 106
p/(52).png 1 0 0 134 107
p/(51).png 1 0 0 103 125
p/(50).png 1 0 0 91 85
p/(49).png 1 0 0 82 94
p/(48).png 1 0 0 85 79
p/(47).png 1 0 0 83 98
p/(46).png 1 0 0 209 165
p/(45).png 1 0 0 83 90
p/(44).png 1 0 0 68 94
p/(43).png 1 0 0 98 62
p/(42).png 1 0 0 89 124
p/(41).png 1 0 0 123 89
p/(40).png 1 0 0 68 70
p/(39).png 1 0 0 178 124
p/(38).png 1 0 0 177 132
p/(37).png 1 0 0 58 64
p/(36).png 1 0 0 68 98
p/(35).png 1 0 0 149 102
p/(34).png 1 0 0 68 81
p/(33).png 1 0 0 75 86
p/(32).png 1 0 0 91 101
p/(31).png 1 0 0 77 112
p/(30).png 1 0 0 71 52
p/(29).png 1 0 0 118 89
p/(28).png 1 0 0 103 91
p/(27).png 1 0 0 109 78
p/(26).png 1 0 0 80 95
p/(25).png 1 0 0 129 138
p/(24).png 1 0 0 125 80
p/(23).png 1 0 0 69 82
p/(22).png 1 0 0 129 122
p/(21).png 1 0 0 195 170
p/(20).png 1 0 0 99 124
p/(19).png 1 0 0 88 104
p/(18).png 1 0 0 75 107
p/(17).png 1 0 0 70 84
p/(16).png 1 0 0 67 146
p/(15).png 1 0 0 74 86
p/(14).png 1 0 0 141 164
p/(13).png 1 0 0 101 110
p/(12).png 1 0 0 86 136
p/(11).png 1 0 0 98 105
p/(10).png 1 0 0 110 150
p/(9).png 1 0 0 100 78
p/(8).png 1 0 0 119 75
p/(7).png 1 0 0 106 90
p/(6).png 1 0 0 52 67
p/(5).png 1 0 0 79 67
p/(4).png 1 0 0 75 58
p/(3).png 1 0 0 54 57
p/(2).png 1 0 0 67 63
p/(1).png 1 0 0 50 88
p/Screenshot_1511.png 1 0 0 140 260
p/Screenshot_1510.png 1 0 0 130 229
p/Screenshot_1509.png 1 0 0 107 150
p/Screenshot_1508.png 1 0 0 101 127
p/Screenshot_1507.png 1 0 0 153 89
p/Screenshot_1506.png 1 0 0 156 171
p/Screenshot_1505.png 1 0 0 93 108
p/Screenshot_1504.png 1 0 0 108 101
p/Screenshot_1503.png 1 0 0 132 218
p/Screenshot_1502.png 1 0 0 147 160
p/Screenshot_1501.png 1 0 0 63 80
p/Screenshot_1500.png 1 0 0 69 82
p/Screenshot_1499.png 1 0 0 127 132
p/Screenshot_1498.png 1 0 0 116 123
p/Screenshot_1497.png 1 0 0 117 110
p/Screenshot_1496.png 1 0 0 148 147
p/Screenshot_1495.png 1 0 0 120 125
p/Screenshot_1494.png 1 0 0 74 91
p/Screenshot_1493.png 1 0 0 97 112
p/Screenshot_1492.png 1 0 0 108 105
p/Screenshot_1491.png 1 0 0 96 95
p/Screenshot_1490.png 1 0 0 128 162
p/Screenshot_1489.png 1 0 0 97 138
p/Screenshot_1488.png 1 0 0 112 145
p/Screenshot_1487.png 1 0 0 97 150
p/Screenshot_1486.png 1 0 0 95 108
p/Screenshot_1485.png 1 0 0 243 127
p/Screenshot_1484.png 1 0 0 202 193
p/Screenshot_1483.png 1 0 0 96 99
p/Screenshot_1482.png 1 0 0 95 120
p/Screenshot_1481.png 1 0 0 97 82
p/Screenshot_1480.png 1 0 0 158 146
p/Screenshot_1479.png 1 0 0 158 123
p/Screenshot_1478.png 1 0 0 114 102
p/Screenshot_1477.png 1 0 0 162 114
p/Screenshot_1476.png 1 0 0 105 124
p/Screenshot_1475.png 1 0 0 82 85
p/Screenshot_1474.png 1 0 0 85 88
p/Screenshot_1473.png 1 0 0 106 112
p/Screenshot_1472.png 1 0 0 102 77
p/Screenshot_1471.png 1 0 0 103 79
p/Screenshot_1470.png 1 0 0 233 72
p/Screenshot_1469.png 1 0 0 69 100
p/Screenshot_1468.png 1 0 0 69 96
p/Screenshot_1467.png 1 0 0 106 90
p/Screenshot_1466.png 1 0 0 102 151
p/Screenshot_1465.png 1 0 0 125 98
p/Screenshot_1464.png 1 0 0 128 103
p/Screenshot_1463.png 1 0 0 131 97
p/Screenshot_1462.png 1 0 0 141 91
p/Screenshot_1461.png 1 0 0 93 133
p/Screenshot_1460.png 1 0 0 222 190
p/Screenshot_1459.png 1 0 0 173 122
p/Screenshot_1458.png 1 0 0 152 118
p/Screenshot_1457.png 1 0 0 164 115
p/Screenshot_1456.png 1 0 0 108 79
p/Screenshot_1455.png 1 0 0 89 119
p/Screenshot_1454.png 1 0 0 178 136
p/Screenshot_1453.png 1 0 0 86 107
p/Screenshot_1452.png 1 0 0 124 101
p/Screenshot_1451.png 1 0 0 141 80
p/Screenshot_1450.png 1 0 0 130 79
p/Screenshot_1449.png 1 0 0 97 108
p/Screenshot_1448.png 1 0 0 95 128
p/Screenshot_1447.png 1 0 0 108 141
p/Screenshot_1446.png 1 0 0 207 120
p/Screenshot_1445.png 1 0 0 88 93
p/Screenshot_1444.png 1 0 0 119 69
p/Screenshot_1443.png 1 0 0 128 103
p/Screenshot_1442.png 1 0 0 110 148
p/Screenshot_1441.png 1 0 0 114 99
p/Screenshot_1440.png 1 0 0 123 85
p/Screenshot_1439.png 1 0 0 97 94
p/Screenshot_1438.png 1 0 0 195 90
p/Screenshot_1437.png 1 0 0 89 168
p/Screenshot_1436.png 1 0 0 86 150
p/Screenshot_1435.png 1 0 0 88 135
p/Screenshot_1434.png 1 0 0 88 89
p/Screenshot_1433.png 1 0 0 130 122
p/Screenshot_1432.png 1 0 0 69 76
p/Screenshot_1431.png 1 0 0 130 70
p/Screenshot_1430.png 1 0 0 127 75
p/Screenshot_1429.png 1 0 0 98 75
p/Screenshot_1428.png 1 0 0 98 135
p/Screenshot_1427.png 1 0 0 97 110
p/Screenshot_1426.png 1 0 0 83 72
p/Screenshot_1425.png 1 0 0 72 72
p/Screenshot_1424.png 1 0 0 89 67
p/Screenshot_1423.png 1 0 0 102 71
p/Screenshot_1422.png 1 0 0 100 83
p/Screenshot_1421.png 1 0 0 96 69
p/Screenshot_1420.png 1 0 0 78 108
p/Screenshot_1419.png 1 0 0 114 140
p/Screenshot_1418.png 1 0 0 107 114
p/Screenshot_1417.png 1 0 0 91 85
p/Screenshot_1416.png 1 0 0 94 88
p/Screenshot_1415.png 1 0 0 98 103
p/Screenshot_1414.png 1 0 0 111 109
p/Screenshot_1413.png 1 0 0 133 135
p/Screenshot_1412.png 1 0 0 103 100
p/Screenshot_1411.png 1 0 0 91 142
p/Screenshot_1410.png 1 0 0 108 134
p/Screenshot_1409.png 1 0 0 102 123
p/Screenshot_1408.png 1 0 0 201 80
p/Screenshot_1407.png 1 0 0 152 91
p/Screenshot_1406.png 1 0 0 144 78
p/Screenshot_1405.png 1 0 0 81 108
p/Screenshot_1404.png 1 0 0 80 109
p/Screenshot_1403.png 1 0 0 103 87
p/Screenshot_1402.png 1 0 0 113 117
p/Screenshot_1401.png 1 0 0 100 147
p/Screenshot_1400.png 1 0 0 107 170
p/Screenshot_1399.png 1 0 0 178 132
p/Screenshot_1398.png 1 0 0 105 217
p/Screenshot_1397.png 1 0 0 103 169
p/Screenshot_1396.png 1 0 0 89 176
p/Screenshot_1395.png 1 0 0 83 122
p/Screenshot_1394.png 1 0 0 174 104
p/Screenshot_1393.png 1 0 0 91 150
p/Screenshot_1392.png 1 0 0 244 106
p/Screenshot_1391.png 1 0 0 116 94
p/Screenshot_1390.png 1 0 0 99 96
p/Screenshot_1389.png 1 0 0 129 108
p/Screenshot_1388.png 1 0 0 129 105
p/Screenshot_1387.png 1 0 0 121 102
p/Screenshot_1386.png 1 0 0 117 99
p/Screenshot_1385.png 1 0 0 130 116
p/Screenshot_1384.png 1 0 0 103 121
p/Screenshot_1383.png 1 0 0 104 132
p/Screenshot_1382.png 1 0 0 103 128
p/Screenshot_1381.png 1 0 0 102 109
p/Screenshot_1380.png 1 0 0 104 121
p/Screenshot_1379.png 1 0 0 101 105
p/Screenshot_1378.png 1 0 0 104 128
p/Screenshot_1377.png 1 0 0 96 122
p/Screenshot_1376.png 1 0 0 68 114
p/Screenshot_1375.png 1 0 0 100 116
p/Screenshot_1374.png 1 0 0 189 121
p/Screenshot_1373.png 1 0 0 124 124
p/Screenshot_1372.png 1 0 0 181 127
p/Screenshot_1371.png 1 0 0 97 123
p/Screenshot_1370.png 1 0 0 113 106
p/Screenshot_1369.png 1 0 0 117 98
p/Screenshot_1368.png 1 0 0 118 120
p/Screenshot_1367.png 1 0 0 93 110
p/Screenshot_1366.png 1 0 0 94 100
p/Screenshot_1365.png 1 0 0 102 111
p/Screenshot_1364.png 1 0 0 190 139
p/Screenshot_1363.png 1 0 0 101 153
p/Screenshot_1362.png 1 0 0 120 87
p/Screenshot_1361.png 1 0 0 138 94
p/Screenshot_1360.png 1 0 0 180 160
p/Screenshot_1359.png 1 0 0 105 178
p/Screenshot_1358.png 1 0 0 123 131
p/Screenshot_1357.png 1 0 0 109 131
p/Screenshot_1356.png 1 0 0 111 214
p/Screenshot_1355.png 1 0 0 109 161
p/Screenshot_1354.png 1 0 0 117 115
p/Screenshot_1353.png 1 0 0 146 120
p/Screenshot_1352.png 1 0 0 154 82
p/Screenshot_1351.png 1 0 0 102 97
p/Screenshot_1350.png 1 0 0 126 111
p/Screenshot_1349.png 1 0 0 99 117
p/Screenshot_1348.png 1 0 0 119 170
p/Screenshot_1347.png 1 0 0 145 198
p/Screenshot_1346.png 1 0 0 171 121
p/Screenshot_1345.png 1 0 0 104 183
p/Screenshot_1344.png 1 0 0 123 116
p/Screenshot_1343.png 1 0 0 114 115
p/Screenshot_1342.png 1 0 0 97 119
p/Screenshot_1341.png 1 0 0 99 112
p/Screenshot_1340.png 1 0 0 121 140
p/Screenshot_1339.png 1 0 0 153 133
p/Screenshot_1338.png 1 0 0 106 124
p/Screenshot_1337.png 1 0 0 149 166
p/Screenshot_1336.png 1 0 0 161 85
p/Screenshot_1335.png 1 0 0 94 153
p/Screenshot_1334.png 1 0 0 135 103
p/Screenshot_1333.png 1 0 0 147 159
p/Screenshot_1332.png 1 0 0 132 124
p/Screenshot_1331.png 1 0 0 83 143
p/Screenshot_1330.png 1 0 0 62 108
p/Screenshot_1329.png 1 0 0 103 130
p/Screenshot_1328.png 1 0 0 115 96
p/Screenshot_1327.png 1 0 0 144 114
p/Screenshot_1326.png 1 0 0 139 96
p/Screenshot_1325.png 1 0 0 117 97
p/Screenshot_1324.png 1 0 0 164 144
p/Screenshot_1323.png 1 0 0 169 145
p/Screenshot_1322.png 1 0 0 226 147
p/Screenshot_1321.png 1 0 0 131 96
p/Screenshot_1320.png 1 0 0 115 101
p/Screenshot_1319.png 1 0 0 110 99
p/Screenshot_1318.png 1 0 0 90 154
p/Screenshot_1317.png 1 0 0 96 172
p/Screenshot_1316.png 1 0 0 120 83
p/Screenshot_1315.png 1 0 0 148 81
p/Screenshot_1314.png 1 0 0 111 129
p/Screenshot_1313.png 1 0 0 162 83
p/Screenshot_1312.png 1 0 0 140 78
p/Screenshot_1311.png 1 0 0 129 145
p/Screenshot_1310.png 1 0 0 135 152
p/Screenshot_1309.png 1 0 0 132 154
p/Screenshot_1308.png 1 0 0 141 166
p/Screenshot_1307.png 1 0 0 91 91
p/Screenshot_1306.png 1 0 0 106 103
p/Screenshot_1305.png 1 0 0 92 112
p/Screenshot_1304.png 1 0 0 87 122
p/Screenshot_1303.png 1 0 0 76 156
p/Screenshot_1302.png 1 0 0 108 181
p/Screenshot_1301.png 1 0 0 87 95
p/Screenshot_1300.png 1 0 0 224 104
p/Screenshot_1299.png 1 0 0 103 98
p/Screenshot_1298.png 1 0 0 132 167
p/Screenshot_1297.png 1 0 0 148 104
p/Screenshot_1296.png 1 0 0 142 93
p/Screenshot_1295.png 1 0 0 194 134
p/Screenshot_1294.png 1 0 0 205 135
p/Screenshot_1293.png 1 0 0 187 126
p/Screenshot_1292.png 1 0 0 137 150
p/Screenshot_1291.png 1 0 0 155 154
p/Screenshot_1290.png 1 0 0 155 122
p/Screenshot_1289.png 1 0 0 181 121
p/Screenshot_1288.png 1 0 0 168 143
p/Screenshot_1287.png 1 0 0 119 95
p/Screenshot_1286.png 1 0 0 171 230
p/Screenshot_1285.png 1 0 0 158 217
p/Screenshot_1284.png 1 0 0 160 183
p/Screenshot_1283.png 1 0 0 203 206
p/Screenshot_1282.png 1 0 0 153 114
p/Screenshot_1281.png 1 0 0 144 176
p/Screenshot_1280.png 1 0 0 130 174
p/Screenshot_1279.png 1 0 0 110 129
p/Screenshot_1278.png 1 0 0 137 144
p/Screenshot_1277.png 1 0 0 127 146
p/Screenshot_1276.png 1 0 0 86 83
p/Screenshot_1275.png 1 0 0 84 100
p/Screenshot_1274.png 1 0 0 120 96
p/Screenshot_1273.png 1 0 0 125 125
p/Screenshot_1272.png 1 0 0 192 136
p/Screenshot_1271.png 1 0 0 155 184
p/Screenshot_1270.png 1 0 0 162 115
p/Screenshot_1269.png 1 0 0 123 163
p/Screenshot_1268.png 1 0 0 90 129
p/Screenshot_1267.png 1 0 0 92 168
p/Screenshot_1266.png 1 0 0 211 151
p/Screenshot_1265.png 1 0 0 125 88
p/Screenshot_1264.png 1 0 0 110 142
p/Screenshot_1263.png 1 0 0 142 140
p/Screenshot_1262.png 1 0 0 81 78
p/Screenshot_1261.png 1 0 0 87 72
p/Screenshot_1260.png 1 0 0 124 141
p/Screenshot_1259.png 1 0 0 77 62
p/Screenshot_1258.png 1 0 0 155 112
p/Screenshot_1257.png 1 0 0 85 110
p/Screenshot_1256.png 1 0 0 152 154
p/Screenshot_1255.png 1 0 0 121 135
p/Screenshot_1254.png 1 0 0 120 128
p/Screenshot_1253.png 1 0 0 116 162
p/Screenshot_1252.png 1 0 0 116 164
p/Screenshot_1251.png 1 0 0 197 184
p/Screenshot_1250.png 1 0 0 100 141
p/Screenshot_1249.png 1 0 0 139 157
p/Screenshot_1248.png 1 0 0 146 146
p/Screenshot_1247.png 1 0 0 167 108
p/Screenshot_1246.png 1 0 0 186 179
p/Screenshot_1245.png 1 0 0 190 163
p/Screenshot_1244.png 1 0 0 211 151
p/Screenshot_1243.png 1 0 0 168 153
p/Screenshot_1242.png 1 0 0 121 156
p/Screenshot_1241.png 1 0 0 115 156
p/Screenshot_1240.png 1 0 0 109 125
p/Screenshot_1239.png 1 0 0 126 117
p/Screenshot_1238.png 1 0 0 207 165
p/Screenshot_1237.png 1 0 0 178 166
p/Screenshot_1236.png 1 0 0 111 55
p/Screenshot_1235.png 1 0 0 131 57
p/Screenshot_1234.png 1 0 0 81 78
p/Screenshot_1233.png 1 0 0 100 87
p/Screenshot_1232.png 1 0 0 141 89
p/Screenshot_1231.png 1 0 0 85 101
p/Screenshot_1230.png 1 0 0 120 141
p/Screenshot_1229.png 1 0 0 130 142
p/Screenshot_1228.png 1 0 0 119 143
p/Screenshot_1227.png 1 0 0 130 135
p/Screenshot_1226.png 1 0 0 156 157
p/Screenshot_1225.png 1 0 0 151 165
p/Screenshot_1224.png 1 0 0 107 102
p/Screenshot_1223.png 1 0 0 105 196
p/Screenshot_1222.png 1 0 0 119 276
p/Screenshot_1221.png 1 0 0 190 116
p/Screenshot_1220.png 1 0 0 109 108
p/Screenshot_1219.png 1 0 0 96 92
p/Screenshot_1218.png 1 0 0 95 108
p/Screenshot_1217.png 1 0 0 123 126
p/Screenshot_1216.png 1 0 0 110 130
p/Screenshot_1215.png 1 0 0 130 135
p/Screenshot_1214.png 1 0 0 118 129
p/Screenshot_1213.png 1 0 0 88 117
p/Screenshot_1212.png 1 0 0 70 124
p/Screenshot_1211.png 1 0 0 205 151
p/Screenshot_1210.png 1 0 0 110 147
p/Screenshot_1209.png 1 0 0 124 136
p/Screenshot_1208.png 1 0 0 149 138
p/Screenshot_1207.png 1 0 0 144 154
p/Screenshot_1206.png 1 0 0 89 104
p/Screenshot_1205.png 1 0 0 115 95
p/Screenshot_1204.png 1 0 0 134 129
p/Screenshot_1203.png 1 0 0 108 104
p/Screenshot_1202.png 1 0 0 133 98
p/Screenshot_1201.png 1 0 0 80 115
p/Screenshot_1200.png 1 0 0 104 99
p/Screenshot_1199.png 1 0 0 113 137
p/Screenshot_1198.png 1 0 0 110 118
p/Screenshot_1197.png 1 0 0 167 102
p/Screenshot_1196.png 1 0 0 160 103
p/Screenshot_1195.png 1 0 0 103 132
p/Screenshot_1194.png 1 0 0 123 128
p/Screenshot_1193.png 1 0 0 162 158
p/Screenshot_1192.png 1 0 0 76 84
p/Screenshot_1191.png 1 0 0 78 104
p/Screenshot_1190.png 1 0 0 126 101
p/Screenshot_1189.png 1 0 0 119 95
p/Screenshot_1188.png 1 0 0 165 114
p/Screenshot_1187.png 1 0 0 160 109
p/Screenshot_1186.png 1 0 0 170 116
p/Screenshot_1185.png 1 0 0 145 141
p/Screenshot_1184.png 1 0 0 166 144
p/Screenshot_1183.png 1 0 0 92 112
p/Screenshot_1182.png 1 0 0 90 88
p/Screenshot_1181.png 1 0 0 172 147
p/Screenshot_1180.png 1 0 0 93 328
p/Screenshot_1179.png 1 0 0 99 99
p/Screenshot_1178.png 1 0 0 153 143
p/Screenshot_1177.png 1 0 0 135 135
p/Screenshot_1176.png 1 0 0 135 141
p/Screenshot_1175.png 1 0 0 100 161
p/Screenshot_1174.png 1 0 0 215 92
p/Screenshot_1173.png 1 0 0 162 125
p/Screenshot_1172.png 1 0 0 323 78
p/Screenshot_1171.png 1 0 0 80 323
p/Screenshot_1170.png 1 0 0 201 94
p/Screenshot_1169.png 1 0 0 204 100
p/Screenshot_1168.png 1 0 0 205 140
p/Screenshot_1167.png 1 0 0 198 166
p/Screenshot_1166.png 1 0 0 195 283
p/Screenshot_1165.png 1 0 0 241 139
p/Screenshot_1164.png 1 0 0 86 114
p/Screenshot_1163.png 1 0 0 98 139
p/Screenshot_1162.png 1 0 0 123 77
p/Screenshot_1161.png 1 0 0 187 139
p/Screenshot_1160.png 1 0 0 98 87
p/Screenshot_1159.png 1 0 0 107 103
p/Screenshot_1158.png 1 0 0 130 96
p/Screenshot_1157.png 1 0 0 126 90
p/Screenshot_1156.png 1 0 0 129 78
p/Screenshot_1155.png 1 0 0 109 103
p/Screenshot_1154.png 1 0 0 97 95
p/Screenshot_1153.png 1 0 0 107 88
p/Screenshot_1152.png 1 0 0 154 140
p/Screenshot_1151.png 1 0 0 84 90
p/Screenshot_1150.png 1 0 0 90 102
p/Screenshot_1149.png 1 0 0 82 66
p/Screenshot_1148.png 1 0 0 84 115
p/Screenshot_1147.png 1 0 0 93 132
p/Screenshot_1146.png 1 0 0 112 102
p/Screenshot_1145.png 1 0 0 89 171
p/Screenshot_1144.png 1 0 0 202 178
p/Screenshot_1143.png 1 0 0 129 163
p/Screenshot_1142.png 1 0 0 164 116
p/Screenshot_1141.png 1 0 0 154 158
p/Screenshot_1140.png 1 0 0 194 134
p/Screenshot_1139.png 1 0 0 103 99
p/Screenshot_1138.png 1 0 0 128 96
p/Screenshot_1137.png 1 0 0 151 100
p/Screenshot_1136.png 1 0 0 82 142
p/Screenshot_1135.png 1 0 0 100 161
p/Screenshot_1134.png 1 0 0 97 139
p/Screenshot_1133.png 1 0 0 102 130
p/Screenshot_1132.png 1 0 0 109 150
p/Screenshot_1131.png 1 0 0 180 175
p/Screenshot_1130.png 1 0 0 116 170
p/Screenshot_1129.png 1 0 0 203 114
p/Screenshot_1128.png 1 0 0 115 73
p/Screenshot_1127.png 1 0 0 65 117
p/Screenshot_1126.png 1 0 0 70 120
p/Screenshot_1125.png 1 0 0 107 141
p/Screenshot_1124.png 1 0 0 136 143
p/Screenshot_1123.png 1 0 0 120 127
p/Screenshot_1122.png 1 0 0 95 121
p/Screenshot_1121.png 1 0 0 96 100
p/Screenshot_1120.png 1 0 0 122 136
p/Screenshot_1119.png 1 0 0 160 85
p/Screenshot_1118.png 1 0 0 69 76
p/Screenshot_1117.png 1 0 0 84 93
p/Screenshot_1116.png 1 0 0 62 81
p/Screenshot_1115.png 1 0 0 102 186
p/Screenshot_1114.png 1 0 0 163 189
p/Screenshot_1113.png 1 0 0 79 164
p/Screenshot_1112.png 1 0 0 114 173
p/Screenshot_1111.png 1 0 0 165 172
p/Screenshot_1110.png 1 0 0 84 150
p/Screenshot_1109.png 1 0 0 81 227
p/Screenshot_1108.png 1 0 0 77 218
p/Screenshot_1107.png 1 0 0 81 226
p/Screenshot_1106.png 1 0 0 81 228
p/Screenshot_1105.png 1 0 0 123 89
p/Screenshot_1104.png 1 0 0 143 82
p/Screenshot_1103.png 1 0 0 117 160
p/Screenshot_1102.png 1 0 0 147 102
p/Screenshot_1101.png 1 0 0 150 98
p/Screenshot_1100.png 1 0 0 167 101
p/Screenshot_1099.png 1 0 0 102 87
p/Screenshot_1098.png 1 0 0 81 77
p/Screenshot_1097.png 1 0 0 102 72
p/Screenshot_1096.png 1 0 0 85 91
p/Screenshot_1095.png 1 0 0 88 73
p/Screenshot_1094.png 1 0 0 74 80
p/Screenshot_1093.png 1 0 0 139 87
p/Screenshot_1092.png 1 0 0 156 74
p/Screenshot_1091.png 1 0 0 169 88
p/Screenshot_1090.png 1 0 0 126 316
p/Screenshot_1089.png 1 0 0 153 124
p/Screenshot_1088.png 1 0 0 129 75
p/Screenshot_1087.png 1 0 0 150 128
p/Screenshot_1086.png 1 0 0 181 127
p/Screenshot_1085.png 1 0 0 150 114
p/Screenshot_1084.png 1 0 0 153 96
p/Screenshot_1083.png 1 0 0 107 92
p/Screenshot_1082.png 1 0 0 178 92
p/Screenshot_1081.png 1 0 0 115 89
p/Screenshot_1080.png 1 0 0 157 164
p/Screenshot_1079.png 1 0 0 144 122
p/Screenshot_1078.png 1 0 0 157 152
p/Screenshot_1077.png 1 0 0 162 138
p/Screenshot_1076.png 1 0 0 151 191
p/Screenshot_1075.png 1 0 0 317 108
p/Screenshot_1074.png 1 0 0 316 125
p/Screenshot_1073.png 1 0 0 170 162
p/Screenshot_1072.png 1 0 0 170 107
p/Screenshot_1071.png 1 0 0 166 147
p/Screenshot_1070.png 1 0 0 188 166
p/Screenshot_1069.png 1 0 0 120 135
p/Screenshot_1068.png 1 0 0 123 258
p/Screenshot_1067.png 1 0 0 114 318
p/Screenshot_1066.png 1 0 0 60 140
p/Screenshot_1065.png 1 0 0 42 65
p/Screenshot_1064.png 1 0 0 53 119
p/Screenshot_1063.png 1 0 0 57 119
p/Screenshot_1062.png 1 0 0 233 163
p/Screenshot_1061.png 1 0 0 241 171
p/Screenshot_1060.png 1 0 0 106 92
p/Screenshot_1059.png 1 0 0 101 73
p/Screenshot_1058.png 1 0 0 114 154
p/Screenshot_1057.png 1 0 0 97 107
p/Screenshot_1056.png 1 0 0 114 101
p/Screenshot_1055.png 1 0 0 90 120
p/Screenshot_1054.png 1 0 0 62 132
p/Screenshot_1053.png 1 0 0 59 132
p/Screenshot_1052.png 1 0 0 64 139
p/Screenshot_1051.png 1 0 0 54 127
p/Screenshot_1050.png 1 0 0 62 128
p/Screenshot_1049.png 1 0 0 62 146
p/Screenshot_1048.png 1 0 0 55 124
p/Screenshot_1047.png 1 0 0 64 104
p/Screenshot_1046.png 1 0 0 117 105
p/Screenshot_1045.png 1 0 0 87 117
p/Screenshot_1044.png 1 0 0 78 114
p/Screenshot_1043.png 1 0 0 145 81
p/Screenshot_1042.png 1 0 0 47 93
p/Screenshot_1041.png 1 0 0 63 94
p/Screenshot_1040.png 1 0 0 207 103
p/Screenshot_1039.png 1 0 0 130 97
p/Screenshot_1038.png 1 0 0 72 158
p/Screenshot_1037.png 1 0 0 88 147
p/Screenshot_1036.png 1 0 0 71 114
p/Screenshot_1035.png 1 0 0 90 145
p/Screenshot_1034.png 1 0 0 147 163
p/Screenshot_1033.png 1 0 0 131 133
p/Screenshot_1032.png 1 0 0 137 152
p/Screenshot_1031.png 1 0 0 142 173
p/Screenshot_1030.png 1 0 0 254 128
p/Screenshot_1029.png 1 0 0 157 127
p/Screenshot_1028.png 1 0 0 167 99
p/Screenshot_1027.png 1 0 0 182 133
p/Screenshot_1026.png 1 0 0 250 156
p/Screenshot_1025.png 1 0 0 160 141
p/Screenshot_1024.png 1 0 0 114 160
p/Screenshot_1023.png 1 0 0 100 112
p/Screenshot_1022.png 1 0 0 96 95
p/Screenshot_1021.png 1 0 0 62 72
p/Screenshot_1020.png 1 0 0 188 162
p/Screenshot_1019.png 1 0 0 163 112
p/Screenshot_1018.png 1 0 0 243 200
p/Screenshot_1017.png 1 0 0 177 115
p/Screenshot_1016.png 1 0 0 193 100
p/Screenshot_1015.png 1 0 0 112 104
p/Screenshot_1014.png 1 0 0 99 102
p/Screenshot_1013.png 1 0 0 89 94
p/Screenshot_1012.png 1 0 0 105 99
p/Screenshot_1011.png 1 0 0 70 106
p/Screenshot_1010.png 1 0 0 151 135
p/Screenshot_1009.png 1 0 0 143 146
p/Screenshot_1008.png 1 0 0 123 154
p/Screenshot_1007.png 1 0 0 132 150
p/Screenshot_1006.png 1 0 0 108 131
p/Screenshot_1005.png 1 0 0 141 135
p/Screenshot_1004.png 1 0 0 185 119
p/Screenshot_1003.png 1 0 0 115 106
p/Screenshot_1002.png 1 0 0 91 100
p/Screenshot_1001.png 1 0 0 114 96
p/Screenshot_1000.png 1 0 0 86 82
p/Screenshot_999.png 1 0 0 108 116
p/Screenshot_998.png 1 0 0 153 116
p/Screenshot_997.png 1 0 0 131 147
p/Screenshot_996.png 1 0 0 107 82
p/Screenshot_995.png 1 0 0 157 93
p/Screenshot_994.png 1 0 0 132 139
p/Screenshot_993.png 1 0 0 148 104
p/Screenshot_992.png 1 0 0 90 111
p/Screenshot_991.png 1 0 0 179 98
p/Screenshot_990.png 1 0 0 151 122
p/Screenshot_989.png 1 0 0 145 134
p/Screenshot_988.png 1 0 0 134 109
p/Screenshot_987.png 1 0 0 133 87
p/Screenshot_986.png 1 0 0 105 179
p/Screenshot_985.png 1 0 0 172 161
p/Screenshot_984.png 1 0 0 126 130
p/Screenshot_983.png 1 0 0 131 150
p/Screenshot_982.png 1 0 0 158 152
p/Screenshot_981.png 1 0 0 148 153
p/Screenshot_980.png 1 0 0 78 135
p/Screenshot_979.png 1 0 0 87 86
p/Screenshot_978.png 1 0 0 75 105
p/Screenshot_977.png 1 0 0 113 170
p/Screenshot_976.png 1 0 0 104 97
p/Screenshot_975.png 1 0 0 89 112
p/Screenshot_974.png 1 0 0 157 91
p/Screenshot_973.png 1 0 0 170 157
p/Screenshot_972.png 1 0 0 85 112
p/Screenshot_971.png 1 0 0 67 67
p/Screenshot_970.png 1 0 0 72 96
p/Screenshot_969.png 1 0 0 92 84
p/Screenshot_968.png 1 0 0 86 64
p/Screenshot_967.png 1 0 0 78 80
p/Screenshot_966.png 1 0 0 80 83
p/Screenshot_965.png 1 0 0 96 121
p/Screenshot_964.png 1 0 0 138 144
p/Screenshot_963.png 1 0 0 201 211
p/Screenshot_962.png 1 0 0 177 146
p/Screenshot_961.png 1 0 0 222 233
p/Screenshot_960.png 1 0 0 156 113
p/Screenshot_959.png 1 0 0 165 140
p/Screenshot_958.png 1 0 0 126 131
p/Screenshot_957.png 1 0 0 123 88
p/Screenshot_956.png 1 0 0 99 78
p/Screenshot_955.png 1 0 0 112 82
p/Screenshot_954.png 1 0 0 79 93
p/Screenshot_953.png 1 0 0 84 75
p/Screenshot_952.png 1 0 0 93 101
p/Screenshot_951.png 1 0 0 70 73
p/Screenshot_950.png 1 0 0 89 81
p/Screenshot_949.png 1 0 0 70 163
p/Screenshot_948.png 1 0 0 85 107
p/Screenshot_947.png 1 0 0 171 84
p/Screenshot_946.png 1 0 0 183 160
p/Screenshot_945.png 1 0 0 97 80
p/Screenshot_944.png 1 0 0 264 126
p/Screenshot_943.png 1 0 0 75 95
p/Screenshot_942.png 1 0 0 79 76
p/Screenshot_941.png 1 0 0 110 169
p/Screenshot_940.png 1 0 0 141 170
p/Screenshot_939.png 1 0 0 126 155
p/Screenshot_938.png 1 0 0 88 106
p/Screenshot_937.png 1 0 0 137 113
p/Screenshot_936.png 1 0 0 113 101
p/Screenshot_935.png 1 0 0 275 135
p/Screenshot_934.png 1 0 0 101 92
p/Screenshot_933.png 1 0 0 104 85
p/Screenshot_932.png 1 0 0 85 88
p/Screenshot_931.png 1 0 0 56 61
p/Screenshot_930.png 1 0 0 98 101
p/Screenshot_929.png 1 0 0 91 91
p/Screenshot_928.png 1 0 0 117 142
p/Screenshot_927.png 1 0 0 94 77
p/Screenshot_926.png 1 0 0 98 104
p/Screenshot_925.png 1 0 0 146 164
p/Screenshot_924.png 1 0 0 139 99
p/Screenshot_923.png 1 0 0 111 104
p/Screenshot_922.png 1 0 0 105 112
p/Screenshot_921.png 1 0 0 126 123
p/Screenshot_920.png 1 0 0 83 122
p/Screenshot_919.png 1 0 0 148 157
p/Screenshot_918.png 1 0 0 149 162
p/Screenshot_917.png 1 0 0 65 109
p/Screenshot_916.png 1 0 0 97 121
p/Screenshot_915.png 1 0 0 183 155
p/Screenshot_914.png 1 0 0 146 132
p/Screenshot_913.png 1 0 0 142 139
p/Screenshot_912.png 1 0 0 93 128
p/Screenshot_911.png 1 0 0 174 272
p/Screenshot_910.png 1 0 0 139 141
p/Screenshot_909.png 1 0 0 145 162
p/Screenshot_908.png 1 0 0 136 150
p/Screenshot_907.png 1 0 0 176 198
p/Screenshot_906.png 1 0 0 111 87
p/Screenshot_905.png 1 0 0 120 146
p/Screenshot_904.png 1 0 0 114 122
p/Screenshot_903.png 1 0 0 123 90
p/Screenshot_902.png 1 0 0 108 87
p/Screenshot_901.png 1 0 0 107 86
p/Screenshot_900.png 1 0 0 72 121
p/Screenshot_899.png 1 0 0 96 120
p/Screenshot_898.png 1 0 0 94 113
p/Screenshot_897.png 1 0 0 109 105
p/Screenshot_896.png 1 0 0 73 92
p/Screenshot_895.png 1 0 0 82 90
p/Screenshot_894.png 1 0 0 155 179
p/Screenshot_893.png 1 0 0 96 129
p/Screenshot_892.png 1 0 0 111 113
p/Screenshot_891.png 1 0 0 111 130
p/Screenshot_890.png 1 0 0 114 125
p/Screenshot_889.png 1 0 0 199 190
p/Screenshot_888.png 1 0 0 171 156
p/Screenshot_887.png 1 0 0 205 168
p/Screenshot_886.png 1 0 0 135 132
p/Screenshot_885.png 1 0 0 99 87
p/Screenshot_884.png 1 0 0 139 134
p/Screenshot_883.png 1 0 0 158 246
p/Screenshot_882.png 1 0 0 127 147
p/Screenshot_881.png 1 0 0 73 65
p/Screenshot_880.png 1 0 0 93 88
p/Screenshot_879.png 1 0 0 112 98
p/Screenshot_878.png 1 0 0 180 109
p/Screenshot_877.png 1 0 0 125 96
p/Screenshot_876.png 1 0 0 122 103
p/Screenshot_875.png 1 0 0 261 125
p/Screenshot_874.png 1 0 0 134 241
p/Screenshot_873.png 1 0 0 108 117
p/Screenshot_872.png 1 0 0 101 120
p/Screenshot_871.png 1 0 0 138 124
p/Screenshot_870.png 1 0 0 105 126
p/Screenshot_869.png 1 0 0 99 114
p/Screenshot_868.png 1 0 0 117 101
p/Screenshot_867.png 1 0 0 87 111
p/Screenshot_866.png 1 0 0 124 133
p/Screenshot_865.png 1 0 0 131 123
p/Screenshot_864.png 1 0 0 92 133
p/Screenshot_863.png 1 0 0 98 93
p/Screenshot_862.png 1 0 0 74 144
p/Screenshot_861.png 1 0 0 69 131
p/Screenshot_860.png 1 0 0 96 119
p/Screenshot_859.png 1 0 0 73 108
p/Screenshot_858.png 1 0 0 94 117
p/Screenshot_857.png 1 0 0 94 150
p/Screenshot_856.png 1 0 0 91 136
p/Screenshot_855.png 1 0 0 88 137
p/Screenshot_854.png 1 0 0 186 187
p/Screenshot_853.png 1 0 0 89 84
p/Screenshot_852.png 1 0 0 137 98
p/Screenshot_851.png 1 0 0 165 121
p/Screenshot_850.png 1 0 0 77 145
p/Screenshot_849.png 1 0 0 132 94
p/Screenshot_848.png 1 0 0 118 119
p/Screenshot_847.png 1 0 0 143 150
p/Screenshot_846.png 1 0 0 141 119
p/Screenshot_845.png 1 0 0 146 117
p/Screenshot_844.png 1 0 0 162 201
p/Screenshot_843.png 1 0 0 87 88
p/Screenshot_842.png 1 0 0 124 162
p/Screenshot_841.png 1 0 0 100 106
p/Screenshot_840.png 1 0 0 74 96
p/Screenshot_839.png 1 0 0 73 115
p/Screenshot_838.png 1 0 0 153 91
p/Screenshot_837.png 1 0 0 120 156
p/Screenshot_836.png 1 0 0 189 183
p/Screenshot_835.png 1 0 0 108 122
p/Screenshot_834.png 1 0 0 125 110
p/Screenshot_833.png 1 0 0 100 168
p/Screenshot_832.png 1 0 0 122 99
p/Screenshot_831.png 1 0 0 94 75
p/Screenshot_830.png 1 0 0 60 137
p/Screenshot_829.png 1 0 0 100 154
p/Screenshot_828.png 1 0 0 107 97
p/Screenshot_827.png 1 0 0 101 102
p/Screenshot_826.png 1 0 0 187 100
p/Screenshot_825.png 1 0 0 87 113
p/Screenshot_824.png 1 0 0 142 118
p/Screenshot_823.png 1 0 0 116 112
p/Screenshot_822.png 1 0 0 84 111
p/Screenshot_821.png 1 0 0 137 175
p/Screenshot_820.png 1 0 0 110 146
p/Screenshot_819.png 1 0 0 165 97
p/Screenshot_818.png 1 0 0 85 158
p/Screenshot_817.png 1 0 0 92 130
p/Screenshot_816.png 1 0 0 81 119
p/Screenshot_815.png 1 0 0 150 115
p/Screenshot_814.png 1 0 0 95 77
p/Screenshot_813.png 1 0 0 151 117
p/Screenshot_812.png 1 0 0 139 138
p/Screenshot_811.png 1 0 0 109 127
p/Screenshot_810.png 1 0 0 100 113
p/Screenshot_809.png 1 0 0 148 172
p/Screenshot_808.png 1 0 0 121 153
p/Screenshot_807.png 1 0 0 210 210
p/Screenshot_806.png 1 0 0 92 99
p/Screenshot_805.png 1 0 0 49 89
p/Screenshot_804.png 1 0 0 67 69
p/Screenshot_803.png 1 0 0 67 76
p/Screenshot_802.png 1 0 0 65 95
p/Screenshot_801.png 1 0 0 110 111
p/Screenshot_800.png 1 0 0 92 97
p/Screenshot_799.png 1 0 0 85 113
p/Screenshot_798.png 1 0 0 85 101
p/Screenshot_797.png 1 0 0 97 99
p/Screenshot_796.png 1 0 0 85 123
p/Screenshot_795.png 1 0 0 97 122
p/Screenshot_794.png 1 0 0 138 182
p/Screenshot_793.png 1 0 0 185 105
p/Screenshot_792.png 1 0 0 97 70
p/Screenshot_791.png 1 0 0 106 113
p/Screenshot_790.png 1 0 0 110 94
p/Screenshot_789.png 1 0 0 187 128
p/Screenshot_788.png 1 0 0 93 90
p/Screenshot_787.png 1 0 0 73 135
p/Screenshot_786.png 1 0 0 78 102
p/Screenshot_785.png 1 0 0 151 158
p/Screenshot_784.png 1 0 0 55 59
p/Screenshot_783.png 1 0 0 54 79
p/Screenshot_782.png 1 0 0 68 79
p/Screenshot_781.png 1 0 0 95 77
p/Screenshot_780.png 1 0 0 75 72
p/Screenshot_779.png 1 0 0 61 117
p/Screenshot_778.png 1 0 0 143 98
p/Screenshot_777.png 1 0 0 172 107
p/Screenshot_776.png 1 0 0 179 176
p/Screenshot_775.png 1 0 0 97 139
p/Screenshot_774.png 1 0 0 81 95
p/Screenshot_773.png 1 0 0 103 148
p/Screenshot_772.png 1 0 0 100 121
p/Screenshot_771.png 1 0 0 115 124
p/Screenshot_770.png 1 0 0 87 142
p/Screenshot_769.png 1 0 0 145 140
p/Screenshot_768.png 1 0 0 85 193
p/Screenshot_767.png 1 0 0 174 149
p/Screenshot_766.png 1 0 0 107 66
p/Screenshot_765.png 1 0 0 82 107
p/Screenshot_764.png 1 0 0 98 110
p/Screenshot_763.png 1 0 0 139 105
p/Screenshot_762.png 1 0 0 80 128
p/Screenshot_761.png 1 0 0 103 96
p/Screenshot_760.png 1 0 0 124 87
p/Screenshot_759.png 1 0 0 168 102
p/Screenshot_758.png 1 0 0 82 86
p/Screenshot_757.png 1 0 0 117 137
p/Screenshot_756.png 1 0 0 93 158
p/Screenshot_755.png 1 0 0 86 73
p/Screenshot_754.png 1 0 0 101 123
p/Screenshot_753.png 1 0 0 120 99
p/Screenshot_752.png 1 0 0 130 112
p/Screenshot_751.png 1 0 0 114 185
p/Screenshot_750.png 1 0 0 96 181
p/Screenshot_749.png 1 0 0 137 90
p/Screenshot_748.png 1 0 0 162 115
p/Screenshot_747.png 1 0 0 167 121
p/Screenshot_746.png 1 0 0 115 150
p/Screenshot_745.png 1 0 0 147 123
p/Screenshot_744.png 1 0 0 151 105
p/Screenshot_743.png 1 0 0 86 108
p/Screenshot_742.png 1 0 0 180 155
p/Screenshot_741.png 1 0 0 72 96
p/Screenshot_740.png 1 0 0 76 118
p/Screenshot_739.png 1 0 0 127 108
p/Screenshot_738.png 1 0 0 105 117
p/Screenshot_737.png 1 0 0 105 113
p/Screenshot_736.png 1 0 0 84 63
p/Screenshot_735.png 1 0 0 93 117
p/Screenshot_734.png 1 0 0 92 125
p/Screenshot_733.png 1 0 0 67 87
p/Screenshot_732.png 1 0 0 88 101
p/Screenshot_731.png 1 0 0 94 120
p/Screenshot_730.png 1 0 0 102 161
p/Screenshot_729.png 1 0 0 94 107
p/Screenshot_728.png 1 0 0 73 98
p/Screenshot_727.png 1 0 0 64 132
p/Screenshot_726.png 1 0 0 96 58
p/Screenshot_725.png 1 0 0 72 86
p/Screenshot_724.png 1 0 0 126 156
p/Screenshot_723.png 1 0 0 121 154
p/Screenshot_722.png 1 0 0 132 160
p/Screenshot_721.png 1 0 0 99 122
p/Screenshot_720.png 1 0 0 149 91
p/Screenshot_719.png 1 0 0 100 143
p/Screenshot_718.png 1 0 0 97 153
p/Screenshot_717.png 1 0 0 123 159
p/Screenshot_716.png 1 0 0 115 172
p/Screenshot_715.png 1 0 0 114 62
p/Screenshot_714.png 1 0 0 104 86
p/Screenshot_713.png 1 0 0 129 158
p/Screenshot_712.png 1 0 0 107 169
p/Screenshot_711.png 1 0 0 93 108
p/Screenshot_710.png 1 0 0 105 95
p/Screenshot_709.png 1 0 0 74 121
p/Screenshot_708.png 1 0 0 179 96
p/Screenshot_707.png 1 0 0 97 182
p/Screenshot_706.png 1 0 0 246 104
p/Screenshot_705.png 1 0 0 90 183
p/Screenshot_704.png 1 0 0 99 171
p/Screenshot_703.png 1 0 0 101 167
p/Screenshot_702.png 1 0 0 105 162
p/Screenshot_701.png 1 0 0 129 183
p/Screenshot_700.png 1 0 0 173 233
p/Screenshot_699.png 1 0 0 74 129
p/Screenshot_698.png 1 0 0 75 135
p/Screenshot_697.png 1 0 0 76 127
p/Screenshot_696.png 1 0 0 91 140
p/Screenshot_695.png 1 0 0 84 125
p/Screenshot_694.png 1 0 0 107 132
p/Screenshot_693.png 1 0 0 97 128
p/Screenshot_692.png 1 0 0 126 89
p/Screenshot_691.png 1 0 0 130 85
p/Screenshot_690.png 1 0 0 135 93
p/Screenshot_689.png 1 0 0 95 107
p/Screenshot_688.png 1 0 0 114 110
p/Screenshot_687.png 1 0 0 76 103
p/Screenshot_686.png 1 0 0 94 103
p/Screenshot_685.png 1 0 0 123 111
p/Screenshot_684.png 1 0 0 115 110
p/Screenshot_683.png 1 0 0 152 112
p/Screenshot_682.png 1 0 0 152 108
p/Screenshot_681.png 1 0 0 163 118
p/Screenshot_680.png 1 0 0 151 79
p/Screenshot_679.png 1 0 0 139 84
p/Screenshot_678.png 1 0 0 109 101
p/Screenshot_677.png 1 0 0 161 141
p/Screenshot_676.png 1 0 0 156 146
p/Screenshot_675.png 1 0 0 128 84
p/Screenshot_674.png 1 0 0 139 101
p/Screenshot_673.png 1 0 0 142 99
p/Screenshot_672.png 1 0 0 142 96
p/Screenshot_671.png 1 0 0 134 90
p/Screenshot_670.png 1 0 0 173 145
p/Screenshot_669.png 1 0 0 199 104
p/Screenshot_668.png 1 0 0 150 152
p/Screenshot_667.png 1 0 0 104 110
p/Screenshot_666.png 1 0 0 96 103
p/Screenshot_665.png 1 0 0 137 110
p/Screenshot_664.png 1 0 0 95 135
p/Screenshot_663.png 1 0 0 133 142
p/Screenshot_662.png 1 0 0 89 138
p/Screenshot_661.png 1 0 0 103 130
p/Screenshot_660.png 1 0 0 114 66
p/Screenshot_659.png 1 0 0 90 76
p/Screenshot_658.png 1 0 0 121 120
p/Screenshot_657.png 1 0 0 99 87
p/Screenshot_656.png 1 0 0 78 83
p/Screenshot_655.png 1 0 0 85 68
p/Screenshot_654.png 1 0 0 77 70
p/Screenshot_653.png 1 0 0 105 87
p/Screenshot_652.png 1 0 0 89 110
p/Screenshot_651.png 1 0 0 118 116
p/Screenshot_650.png 1 0 0 181 145
p/Screenshot_649.png 1 0 0 191 138
p/Screenshot_648.png 1 0 0 189 143
p/Screenshot_647.png 1 0 0 123 102
p/Screenshot_646.png 1 0 0 123 112
p/Screenshot_645.png 1 0 0 131 104
p/Screenshot_644.png 1 0 0 134 125
p/Screenshot_643.png 1 0 0 141 174
p/Screenshot_642.png 1 0 0 112 112
p/Screenshot_641.png 1 0 0 102 181
p/Screenshot_640.png 1 0 0 82 82
p/Screenshot_639.png 1 0 0 85 107
p/Screenshot_638.png 1 0 0 74 99
p/Screenshot_637.png 1 0 0 84 118
p/Screenshot_636.png 1 0 0 69 110
p/Screenshot_635.png 1 0 0 95 141
p/Screenshot_634.png 1 0 0 93 137
p/Screenshot_633.png 1 0 0 84 93
p/Screenshot_632.png 1 0 0 151 221
p/Screenshot_631.png 1 0 0 152 223
p/Screenshot_630.png 1 0 0 187 116
p/Screenshot_629.png 1 0 0 182 129
p/Screenshot_628.png 1 0 0 170 246
p/Screenshot_627.png 1 0 0 144 194
p/Screenshot_626.png 1 0 0 130 114
p/Screenshot_625.png 1 0 0 130 110
p/Screenshot_624.png 1 0 0 120 111
p/Screenshot_623.png 1 0 0 112 90
p/Screenshot_622.png 1 0 0 141 94
p/Screenshot_621.png 1 0 0 56 149
p/Screenshot_620.png 1 0 0 148 124
p/Screenshot_619.png 1 0 0 145 161
p/Screenshot_618.png 1 0 0 92 106
p/Screenshot_617.png 1 0 0 91 137
p/Screenshot_616.png 1 0 0 108 67
p/Screenshot_615.png 1 0 0 121 88
p/Screenshot_614.png 1 0 0 120 156
p/Screenshot_613.png 1 0 0 124 75
p/Screenshot_612.png 1 0 0 145 127
p/Screenshot_611.png 1 0 0 77 65
p/Screenshot_610.png 1 0 0 105 112
p/Screenshot_609.png 1 0 0 94 106
p/Screenshot_608.png 1 0 0 134 94
p/Screenshot_607.png 1 0 0 107 77
p/Screenshot_606.png 1 0 0 102 100
p/Screenshot_605.png 1 0 0 145 113
p/Screenshot_604.png 1 0 0 126 108
p/Screenshot_603.png 1 0 0 99 116
p/Screenshot_602.png 1 0 0 118 111
p/Screenshot_601.png 1 0 0 103 101
p/Screenshot_600.png 1 0 0 112 200
p/Screenshot_599.png 1 0 0 109 209
p/Screenshot_598.png 1 0 0 108 202
p/Screenshot_597.png 1 0 0 117 121
p/Screenshot_596.png 1 0 0 79 75
p/Screenshot_595.png 1 0 0 99 89
p/Screenshot_594.png 1 0 0 68 118
p/Screenshot_593.png 1 0 0 90 81
p/Screenshot_592.png 1 0 0 98 98
p/Screenshot_591.png 1 0 0 62 113
p/Screenshot_590.png 1 0 0 82 107
p/Screenshot_589.png 1 0 0 144 125
p/Screenshot_588.png 1 0 0 97 115
p/Screenshot_587.png 1 0 0 192 137
p/Screenshot_586.png 1 0 0 149 156
p/Screenshot_585.png 1 0 0 106 108
p/Screenshot_584.png 1 0 0 180 102
p/Screenshot_583.png 1 0 0 89 79
p/Screenshot_582.png 1 0 0 93 91
p/Screenshot_581.png 1 0 0 97 113
p/Screenshot_580.png 1 0 0 99 83
p/Screenshot_579.png 1 0 0 74 104
p/Screenshot_578.png 1 0 0 91 124
p/Screenshot_577.png 1 0 0 91 96
p/Screenshot_576.png 1 0 0 92 123
p/Screenshot_575.png 1 0 0 81 99
p/Screenshot_574.png 1 0 0 95 74
p/Screenshot_573.png 1 0 0 116 102
p/Screenshot_572.png 1 0 0 127 243
p/Screenshot_571.png 1 0 0 108 166
p/Screenshot_570.png 1 0 0 103 137
p/Screenshot_569.png 1 0 0 110 144
p/Screenshot_568.png 1 0 0 118 88
p/Screenshot_567.png 1 0 0 106 84
p/Screenshot_566.png 1 0 0 96 75
p/Screenshot_565.png 1 0 0 116 163
p/Screenshot_564.png 1 0 0 108 103
p/Screenshot_563.png 1 0 0 125 164
p/Screenshot_562.png 1 0 0 139 127
p/Screenshot_561.png 1 0 0 75 83
p/Screenshot_560.png 1 0 0 146 145
p/Screenshot_559.png 1 0 0 85 134
p/Screenshot_558.png 1 0 0 92 111
p/Screenshot_557.png 1 0 0 136 163
p/Screenshot_556.png 1 0 0 69 108
p/Screenshot_555.png 1 0 0 67 104
p/Screenshot_554.png 1 0 0 89 93
p/Screenshot_553.png 1 0 0 83 55
p/Screenshot_552.png 1 0 0 99 92
p/Screenshot_551.png 1 0 0 85 108
p/Screenshot_550.png 1 0 0 81 101
p/Screenshot_549.png 1 0 0 78 116
p/Screenshot_548.png 1 0 0 113 119
p/Screenshot_547.png 1 0 0 117 119
p/Screenshot_546.png 1 0 0 103 65
p/Screenshot_545.png 1 0 0 110 61
p/Screenshot_544.png 1 0 0 86 161
p/Screenshot_543.png 1 0 0 85 134
p/Screenshot_542.png 1 0 0 82 87
p/Screenshot_541.png 1 0 0 84 94
p/Screenshot_540.png 1 0 0 62 148
p/Screenshot_539.png 1 0 0 77 128
p/Screenshot_538.png 1 0 0 112 114
p/Screenshot_537.png 1 0 0 67 104
p/Screenshot_536.png 1 0 0 78 132
p/Screenshot_535.png 1 0 0 80 120
p/Screenshot_534.png 1 0 0 78 143
p/Screenshot_533.png 1 0 0 72 145
p/Screenshot_532.png 1 0 0 123 166
p/Screenshot_531.png 1 0 0 97 110
p/Screenshot_530.png 1 0 0 83 77
p/Screenshot_529.png 1 0 0 113 143
p/Screenshot_528.png 1 0 0 208 94
p/Screenshot_527.png 1 0 0 67 69
p/Screenshot_375.png 1 0 0 63 93
p/Screenshot_526.png 1 0 0 91 86
p/Screenshot_525.png 1 0 0 110 131
p/Screenshot_524.png 1 0 0 127 95
p/Screenshot_523.png 1 0 0 120 121
p/Screenshot_522.png 1 0 0 148 93
p/Screenshot_521.png 1 0 0 149 109
p/Screenshot_520.png 1 0 0 80 127
p/Screenshot_519.png 1 0 0 62 103
p/Screenshot_518.png 1 0 0 90 87
p/Screenshot_517.png 1 0 0 134 114
p/Screenshot_516.png 1 0 0 87 117
p/Screenshot_515.png 1 0 0 161 154
p/Screenshot_514.png 1 0 0 113 115
p/Screenshot_513.png 1 0 0 118 123
p/Screenshot_512.png 1 0 0 129 119
p/Screenshot_511.png 1 0 0 103 91
p/Screenshot_510.png 1 0 0 118 102
p/Screenshot_509.png 1 0 0 114 90
p/Screenshot_508.png 1 0 0 140 109
p/Screenshot_507.png 1 0 0 97 100
p/Screenshot_506.png 1 0 0 92 84
p/Screenshot_505.png 1 0 0 154 103
p/Screenshot_504.png 1 0 0 143 101
p/Screenshot_503.png 1 0 0 127 108
p/Screenshot_502.png 1 0 0 92 81
p/Screenshot_501.png 1 0 0 122 118
p/Screenshot_500.png 1 0 0 124 136
p/Screenshot_499.png 1 0 0 79 70
p/Screenshot_498.png 1 0 0 81 67
p/Screenshot_497.png 1 0 0 143 155
p/Screenshot_496.png 1 0 0 75 88
p/Screenshot_495.png 1 0 0 117 99
p/Screenshot_494.png 1 0 0 115 100
p/Screenshot_493.png 1 0 0 103 119
p/Screenshot_492.png 1 0 0 118 121
p/Screenshot_491.png 1 0 0 139 107
p/Screenshot_490.png 1 0 0 140 146
p/Screenshot_489.png 1 0 0 119 143
p/Screenshot_488.png 1 0 0 153 106
p/Screenshot_487.png 1 0 0 202 143
p/Screenshot_486.png 1 0 0 83 145
p/Screenshot_485.png 1 0 0 73 115
p/Screenshot_484.png 1 0 0 83 110
p/Screenshot_483.png 1 0 0 82 148
p/Screenshot_482.png 1 0 0 127 151
p/Screenshot_481.png 1 0 0 152 139
p/Screenshot_480.png 1 0 0 151 84
p/Screenshot_479.png 1 0 0 142 95
p/Screenshot_478.png 1 0 0 163 132
p/Screenshot_477.png 1 0 0 86 89
p/Screenshot_476.png 1 0 0 77 61
p/Screenshot_475.png 1 0 0 114 76
p/Screenshot_474.png 1 0 0 115 100
p/Screenshot_473.png 1 0 0 90 61
p/Screenshot_472.png 1 0 0 84 96
p/Screenshot_471.png 1 0 0 100 90
p/Screenshot_470.png 1 0 0 139 76
p/Screenshot_469.png 1 0 0 134 75
p/Screenshot_468.png 1 0 0 129 77
p/Screenshot_467.png 1 0 0 113 90
p/Screenshot_466.png 1 0 0 71 105
p/Screenshot_465.png 1 0 0 142 87
p/Screenshot_464.png 1 0 0 59 147
p/Screenshot_463.png 1 0 0 59 114
p/Screenshot_462.png 1 0 0 52 100
p/Screenshot_461.png 1 0 0 68 116
p/Screenshot_460.png 1 0 0 120 125
p/Screenshot_459.png 1 0 0 69 133
p/Screenshot_458.png 1 0 0 55 126
p/Screenshot_457.png 1 0 0 75 126
p/Screenshot_456.png 1 0 0 101 92
p/Screenshot_455.png 1 0 0 114 91
p/Screenshot_454.png 1 0 0 112 117
p/Screenshot_453.png 1 0 0 103 131
p/Screenshot_452.png 1 0 0 92 137
p/Screenshot_451.png 1 0 0 89 121
p/Screenshot_450.png 1 0 0 63 126
p/Screenshot_449.png 1 0 0 104 127
p/Screenshot_448.png 1 0 0 115 127
p/Screenshot_447.png 1 0 0 100 152
p/Screenshot_446.png 1 0 0 65 147
p/Screenshot_445.png 1 0 0 82 77
p/Screenshot_444.png 1 0 0 76 90
p/Screenshot_443.png 1 0 0 65 72
p/Screenshot_442.png 1 0 0 83 98
p/Screenshot_441.png 1 0 0 81 125
p/Screenshot_440.png 1 0 0 72 117
p/Screenshot_439.png 1 0 0 137 169
p/Screenshot_438.png 1 0 0 168 125
p/Screenshot_437.png 1 0 0 51 85
p/Screenshot_436.png 1 0 0 67 67
p/Screenshot_435.png 1 0 0 154 95
p/Screenshot_434.png 1 0 0 79 101
p/Screenshot_433.png 1 0 0 73 129
p/Screenshot_432.png 1 0 0 66 96
p/Screenshot_431.png 1 0 0 55 96
p/Screenshot_430.png 1 0 0 79 86
p/Screenshot_429.png 1 0 0 234 103
p/Screenshot_428.png 1 0 0 78 137
p/Screenshot_427.png 1 0 0 55 119
p/Screenshot_426.png 1 0 0 81 116
p/Screenshot_425.png 1 0 0 56 99
p/Screenshot_424.png 1 0 0 102 107
p/Screenshot_423.png 1 0 0 96 107
p/Screenshot_422.png 1 0 0 103 106
p/Screenshot_421.png 1 0 0 72 50
p/Screenshot_420.png 1 0 0 186 104
p/Screenshot_419.png 1 0 0 57 82
p/Screenshot_418.png 1 0 0 152 97
p/Screenshot_417.png 1 0 0 56 82
p/Screenshot_416.png 1 0 0 43 114
p/Screenshot_415.png 1 0 0 67 89
p/Screenshot_414.png 1 0 0 65 95
p/Screenshot_413.png 1 0 0 60 62
p/Screenshot_412.png 1 0 0 55 60
p/Screenshot_411.png 1 0 0 64 62
p/Screenshot_410.png 1 0 0 150 99
p/Screenshot_409.png 1 0 0 102 63
p/Screenshot_408.png 1 0 0 67 87
p/Screenshot_407.png 1 0 0 71 86
p/Screenshot_406.png 1 0 0 101 67
p/Screenshot_405.png 1 0 0 82 67
p/Screenshot_404.png 1 0 0 73 88
p/Screenshot_403.png 1 0 0 63 118
p/Screenshot_402.png 1 0 0 94 116
p/Screenshot_401.png 1 0 0 70 91
p/Screenshot_400.png 1 0 0 97 79
p/Screenshot_399.png 1 0 0 87 69
p/Screenshot_398.png 1 0 0 129 63
p/Screenshot_397.png 1 0 0 79 74
p/Screenshot_396.png 1 0 0 124 86
p/Screenshot_395.png 1 0 0 69 62
p/Screenshot_394.png 1 0 0 149 65
p/Screenshot_393.png 1 0 0 83 88
p/Screenshot_392.png 1 0 0 60 101
p/Screenshot_391.png 1 0 0 81 206
p/Screenshot_390.png 1 0 0 70 73
p/Screenshot_389.png 1 0 0 88 105
p/Screenshot_388.png 1 0 0 115 99
p/Screenshot_387.png 1 0 0 103 83
p/Screenshot_386.png 1 0 0 64 110
p/Screenshot_385.png 1 0 0 86 113
p/Screenshot_384.png 1 0 0 126 130
p/Screenshot_383.png 1 0 0 130 116
p/Screenshot_382.png 1 0 0 179 111
p/Screenshot_381.png 1 0 0 139 126
p/Screenshot_380.png 1 0 0 126 87
p/Screenshot_379.png 1 0 0 92 57
p/Screenshot_378.png 1 0 0 99 59
p/Screenshot_377.png 1 0 0 105 152
p/Screenshot_376.png 1 0 0 98 150
p/Screenshot_374.png 1 0 0 108 147
p/Screenshot_373.png 1 0 0 109 78
p/Screenshot_372.png 1 0 0 108 83
p/Screenshot_371.png 1 0 0 94 148
p/Screenshot_370.png 1 0 0 87 101
p/Screenshot_369.png 1 0 0 114 87
p/Screenshot_368.png 1 0 0 77 97
p/Screenshot_367.png 1 0 0 166 155
p/Screenshot_366.png 1 0 0 96 79
p/Screenshot_365.png 1 0 0 64 118
p/Screenshot_364.png 1 0 0 75 123
p/Screenshot_363.png 1 0 0 74 83
p/Screenshot_362.png 1 0 0 97 108
p/Screenshot_361.png 1 0 0 91 134
p/Screenshot_360.png 1 0 0 168 101
p/Screenshot_359.png 1 0 0 92 151
p/Screenshot_358.png 1 0 0 162 102
p/Screenshot_357.png 1 0 0 241 90
p/Screenshot_356.png 1 0 0 94 134
p/Screenshot_355.png 1 0 0 126 96
p/Screenshot_354.png 1 0 0 63 153
p/Screenshot_353.png 1 0 0 103 156
p/Screenshot_352.png 1 0 0 147 85
p/Screenshot_351.png 1 0 0 151 65
p/Screenshot_350.png 1 0 0 131 154
p/Screenshot_349.png 1 0 0 94 78
p/Screenshot_348.png 1 0 0 92 80
p/Screenshot_347.png 1 0 0 159 80
p/Screenshot_346.png 1 0 0 65 86
p/Screenshot_345.png 1 0 0 72 82
p/Screenshot_344.png 1 0 0 147 134
p/Screenshot_343.png 1 0 0 136 124
p/Screenshot_342.png 1 0 0 143 96
p/Screenshot_341.png 1 0 0 100 240
p/Screenshot_340.png 1 0 0 99 239
p/Screenshot_339.png 1 0 0 158 110
p/Screenshot_338.png 1 0 0 137 168
p/Screenshot_337.png 1 0 0 54 95
p/Screenshot_336.png 1 0 0 98 193
p/Screenshot_335.png 1 0 0 107 99
p/Screenshot_334.png 1 0 0 103 67
p/Screenshot_333.png 1 0 0 109 66
p/Screenshot_332.png 1 0 0 102 97
p/Screenshot_331.png 1 0 0 84 65
p/Screenshot_330.png 1 0 0 53 55
p/Screenshot_329.png 1 0 0 103 70
p/Screenshot_328.png 1 0 0 57 43
p/Screenshot_327.png 1 0 0 92 63
p/Screenshot_326.png 1 0 0 74 84
p/Screenshot_325.png 1 0 0 68 65
p/Screenshot_324.png 1 0 0 57 61
p/Screenshot_323.png 1 0 0 134 90
p/Screenshot_322.png 1 0 0 137 118
p/Screenshot_321.png 1 0 0 104 164
p/Screenshot_320.png 1 0 0 137 155
p/Screenshot_319.png 1 0 0 137 69
p/Screenshot_318.png 1 0 0 73 108
p/Screenshot_317.png 1 0 0 126 91
p/Screenshot_316.png 1 0 0 115 81
p/Screenshot_315.png 1 0 0 99 81
p/Screenshot_314.png 1 0 0 77 108
p/Screenshot_313.png 1 0 0 77 97
p/Screenshot_312.png 1 0 0 93 74
p/Screenshot_311.png 1 0 0 130 80
p/Screenshot_310.png 1 0 0 92 101
p/Screenshot_309.png 1 0 0 116 114
p/Screenshot_308.png 1 0 0 66 96
p/Screenshot_307.png 1 0 0 111 95
p/Screenshot_306.png 1 0 0 99 75
p/Screenshot_305.png 1 0 0 99 94
p/Screenshot_304.png 1 0 0 127 68
p/Screenshot_303.png 1 0 0 157 82
p/Screenshot_302.png 1 0 0 80 95
p/Screenshot_301.png 1 0 0 85 112
p/Screenshot_300.png 1 0 0 88 116
p/Screenshot_299.png 1 0 0 116 154
p/Screenshot_298.png 1 0 0 107 127
p/Screenshot_297.png 1 0 0 136 89
p/Screenshot_296.png 1 0 0 196 116
p/Screenshot_295.png 1 0 0 108 162
p/Screenshot_294.png 1 0 0 109 121
p/Screenshot_293.png 1 0 0 174 99
p/Screenshot_292.png 1 0 0 80 94
p/Screenshot_291.png 1 0 0 114 121
p/Screenshot_290.png 1 0 0 72 135
p/Screenshot_289.png 1 0 0 96 155
p/Screenshot_288.png 1 0 0 131 106
p/Screenshot_287.png 1 0 0 103 104
p/Screenshot_286.png 1 0 0 111 112
p/Screenshot_285.png 1 0 0 88 90
p/Screenshot_284.png 1 0 0 84 71
p/Screenshot_283.png 1 0 0 101 81
p/Screenshot_282.png 1 0 0 96 173
p/Screenshot_281.png 1 0 0 81 76
p/Screenshot_280.png 1 0 0 86 77
p/Screenshot_279.png 1 0 0 76 90
p/Screenshot_278.png 1 0 0 83 84
p/Screenshot_277.png 1 0 0 173 132
p/Screenshot_276.png 1 0 0 113 97
p/Screenshot_275.png 1 0 0 78 92
p/Screenshot_274.png 1 0 0 114 128
p/Screenshot_273.png 1 0 0 162 152
p/Screenshot_272.png 1 0 0 121 108
p/Screenshot_271.png 1 0 0 76 80
p/Screenshot_270.png 1 0 0 110 123
p/Screenshot_269.png 1 0 0 76 131
p/Screenshot_268.png 1 0 0 81 128
p/Screenshot_267.png 1 0 0 90 107
p/Screenshot_266.png 1 0 0 120 154
p/Screenshot_265.png 1 0 0 111 143
p/Screenshot_264.png 1 0 0 127 157
p/Screenshot_263.png 1 0 0 134 145
p/Screenshot_262.png 1 0 0 81 146
p/Screenshot_261.png 1 0 0 80 137
p/Screenshot_260.png 1 0 0 113 122
p/Screenshot_259.png 1 0 0 140 146
p/Screenshot_258.png 1 0 0 150 141
p/Screenshot_257.png 1 0 0 110 117
p/Screenshot_256.png 1 0 0 124 117
p/Screenshot_255.png 1 0 0 106 166
p/Screenshot_254.png 1 0 0 85 120
p/Screenshot_253.png 1 0 0 122 113
p/Screenshot_252.png 1 0 0 113 77
p/Screenshot_251.png 1 0 0 155 126
p/Screenshot_250.png 1 0 0 82 94
p/Screenshot_249.png 1 0 0 99 119
p/Screenshot_248.png 1 0 0 105 158
p/Screenshot_247.png 1 0 0 172 165
p/Screenshot_246.png 1 0 0 200 131
p/Screenshot_245.png 1 0 0 319 131
p/Screenshot_244.png 1 0 0 114 92
p/Screenshot_243.png 1 0 0 98 88
p/Screenshot_242.png 1 0 0 100 172
p/Screenshot_241.png 1 0 0 79 71
p/Screenshot_240.png 1 0 0 67 118
p/Screenshot_239.png 1 0 0 94 129
p/Screenshot_238.png 1 0 0 69 139
p/Screenshot_237.png 1 0 0 86 145
p/Screenshot_236.png 1 0 0 117 76
p/Screenshot_235.png 1 0 0 82 146
p/Screenshot_234.png 1 0 0 66 107
p/Screenshot_233.png 1 0 0 64 131
p/Screenshot_232.png 1 0 0 101 174
p/Screenshot_231.png 1 0 0 178 100
p/Screenshot_230.png 1 0 0 174 114
p/Screenshot_229.png 1 0 0 175 102
p/Screenshot_228.png 1 0 0 111 121
p/Screenshot_227.png 1 0 0 87 68
p/Screenshot_226.png 1 0 0 98 128
p/Screenshot_225.png 1 0 0 191 158
p/Screenshot_224.png 1 0 0 164 162
p/Screenshot_223.png 1 0 0 166 158
p/Screenshot_222.png 1 0 0 152 139
p/Screenshot_221.png 1 0 0 149 182
p/Screenshot_220.png 1 0 0 82 107
p/Screenshot_219.png 1 0 0 95 123
p/Screenshot_218.png 1 0 0 82 80
p/Screenshot_217.png 1 0 0 121 122
p/Screenshot_216.png 1 0 0 139 90
p/Screenshot_215.png 1 0 0 120 113
p/Screenshot_214.png 1 0 0 119 124
p/Screenshot_213.png 1 0 0 174 103
p/Screenshot_212.png 1 0 0 89 90
p/Screenshot_211.png 1 0 0 182 86
p/Screenshot_210.png 1 0 0 97 81
p/Screenshot_209.png 1 0 0 120 141
p/Screenshot_208.png 1 0 0 138 177
p/Screenshot_207.png 1 0 0 191 94
p/Screenshot_206.png 1 0 0 104 138
p/Screenshot_205.png 1 0 0 78 81
p/Screenshot_204.png 1 0 0 122 94
p/Screenshot_203.png 1 0 0 126 93
p/Screenshot_202.png 1 0 0 93 104
p/Screenshot_201.png 1 0 0 80 74
p/Screenshot_200.png 1 0 0 93 94
p/Screenshot_199.png 1 0 0 80 87
p/Screenshot_198.png 1 0 0 85 89
p/Screenshot_197.png 1 0 0 75 95
p/Screenshot_196.png 1 0 0 72 91
p/Screenshot_195.png 1 0 0 152 82
p/Screenshot_194.png 1 0 0 74 76
p/Screenshot_193.png 1 0 0 80 72
p/Screenshot_192.png 1 0 0 118 123
p/Screenshot_191.png 1 0 0 237 274
p/Screenshot_190.png 1 0 0 72 79
p/Screenshot_189.png 1 0 0 189 92
p/Screenshot_188.png 1 0 0 64 73
p/Screenshot_187.png 1 0 0 88 105
p/Screenshot_186.png 1 0 0 121 108
p/Screenshot_185.png 1 0 0 64 98
p/Screenshot_184.png 1 0 0 89 121
p/Screenshot_183.png 1 0 0 86 102
p/Screenshot_182.png 1 0 0 99 95
p/Screenshot_181.png 1 0 0 100 99
p/Screenshot_180.png 1 0 0 90 58
p/Screenshot_179.png 1 0 0 114 91
p/Screenshot_178.png 1 0 0 117 96
p/Screenshot_177.png 1 0 0 90 88
p/Screenshot_176.png 1 0 0 65 105
p/Screenshot_175.png 1 0 0 228 102
p/Screenshot_174.png 1 0 0 219 88
p/Screenshot_173.png 1 0 0 104 121
p/Screenshot_172.png 1 0 0 76 107
p/Screenshot_171.png 1 0 0 99 108
p/Screenshot_170.png 1 0 0 176 89
p/Screenshot_169.png 1 0 0 74 89
p/Screenshot_168.png 1 0 0 78 72
p/Screenshot_167.png 1 0 0 173 103
p/Screenshot_166.png 1 0 0 161 117
p/Screenshot_165.png 1 0 0 141 90
p/Screenshot_164.png 1 0 0 131 75
p/Screenshot_163.png 1 0 0 75 69
p/Screenshot_162.png 1 0 0 68 81
p/Screenshot_161.png 1 0 0 62 84
p/Screenshot_160.png 1 0 0 72 76
p/Screenshot_159.png 1 0 0 81 97
p/Screenshot_158.png 1 0 0 83 81
p/Screenshot_157.png 1 0 0 68 92
p/Screenshot_156.png 1 0 0 91 81
p/Screenshot_155.png 1 0 0 66 60
p/Screenshot_154.png 1 0 0 80 68
p/Screenshot_153.png 1 0 0 81 86
p/Screenshot_152.png 1 0 0 145 111
p/Screenshot_151.png 1 0 0 156 116
p/Screenshot_150.png 1 0 0 44 129
p/Screenshot_149.png 1 0 0 207 161
p/Screenshot_148.png 1 0 0 195 155
p/Screenshot_147.png 1 0 0 210 141
p/Screenshot_146.png 1 0 0 200 135
p/Screenshot_145.png 1 0 0 71 91
p/Screenshot_144.png 1 0 0 86 168
p/Screenshot_143.png 1 0 0 135 146
p/Screenshot_142.png 1 0 0 153 79
p/Screenshot_141.png 1 0 0 141 65
p/Screenshot_140.png 1 0 0 57 87
p/Screenshot_139.png 1 0 0 84 81
p/Screenshot_138.png 1 0 0 93 78
p/Screenshot_137.png 1 0 0 102 72
p/Screenshot_136.png 1 0 0 104 166
p/Screenshot_135.png 1 0 0 101 126
p/Screenshot_134.png 1 0 0 103 64
p/Screenshot_133.png 1 0 0 76 62
p/Screenshot_132.png 1 0 0 60 68
p/Screenshot_131.png 1 0 0 70 67
p/Screenshot_130.png 1 0 0 86 141
p/Screenshot_129.png 1 0 0 106 127
p/Screenshot_128.png 1 0 0 100 209
p/Screenshot_127.png 1 0 0 91 160
p/Screenshot_126.png 1 0 0 78 83
p/Screenshot_125.png 1 0 0 155 53
p/Screenshot_124.png 1 0 0 83 100
p/Screenshot_123.png 1 0 0 79 104
p/Screenshot_122.png 1 0 0 120 118
p/Screenshot_121.png 1 0 0 115 101
p/Screenshot_120.png 1 0 0 76 86
p/Screenshot_119.png 1 0 0 118 122
p/Screenshot_118.png 1 0 0 50 77
p/Screenshot_117.png 1 0 0 54 77
p/Screenshot_116.png 1 0 0 140 74
p/Screenshot_115.png 1 0 0 139 87
p/Screenshot_114.png 1 0 0 58 99
p/Screenshot_113.png 1 0 0 78 131
p/Screenshot_112.png 1 0 0 71 196
p/Screenshot_111.png 1 0 0 86 215
p/Screenshot_110.png 1 0 0 76 82
p/Screenshot_109.png 1 0 0 67 96
p/Screenshot_108.png 1 0 0 72 90
p/Screenshot_107.png 1 0 0 90 91
p/Screenshot_106.png 1 0 0 92 76
p/Screenshot_105.png 1 0 0 91 81
p/Screenshot_104.png 1 0 0 73 85
p/Screenshot_103.png 1 0 0 103 99
p/Screenshot_102.png 1 0 0 81 119
p/Screenshot_101.png 1 0 0 66 104
p/Screenshot_100.png 1 0 0 76 63
p/Screenshot_99.png 1 0 0 99 73
p/Screenshot_98.png 1 0 0 83 82
p/Screenshot_97.png 1 0 0 138 110
p/Screenshot_96.png 1 0 0 126 71
p/Screenshot_95.png 1 0 0 81 71
p/Screenshot_94.png 1 0 0 73 81
p/Screenshot_93.png 1 0 0 129 138
p/Screenshot_92.png 1 0 0 162 111
p/Screenshot_91.png 1 0 0 168 121
p/Screenshot_90.png 1 0 0 168 172
p/Screenshot_89.png 1 0 0 68 90
p/Screenshot_88.png 1 0 0 90 47
p/Screenshot_87.png 1 0 0 44 96
p/Screenshot_86.png 1 0 0 346 176
p/Screenshot_85.png 1 0 0 181 82
p/Screenshot_84.png 1 0 0 184 93
p/Screenshot_83.png 1 0 0 169 225
p/Screenshot_82.png 1 0 0 154 80
p/Screenshot_81.png 1 0 0 93 177
p/Screenshot_80.png 1 0 0 92 147
p/Screenshot_79.png 1 0 0 70 103
p/Screenshot_78.png 1 0 0 63 100
p/Screenshot_77.png 1 0 0 225 119
p/Screenshot_76.png 1 0 0 198 115
p/Screenshot_75.png 1 0 0 68 84
p/Screenshot_74.png 1 0 0 68 87
p/Screenshot_73.png 1 0 0 166 100
p/Screenshot_72.png 1 0 0 185 101
p/Screenshot_71.png 1 0 0 122 101
p/Screenshot_70.png 1 0 0 175 106
p/Screenshot_69.png 1 0 0 120 125
p/Screenshot_68.png 1 0 0 59 98
p/Screenshot_67.png 1 0 0 59 109
p/Screenshot_66.png 1 0 0 58 87
p/Screenshot_65.png 1 0 0 83 101
p/Screenshot_64.png 1 0 0 87 62
p/Screenshot_63.png 1 0 0 54 54
p/Screenshot_62.png 1 0 0 84 80
p/Screenshot_61.png 1 0 0 74 80
p/Screenshot_60.png 1 0 0 67 66
p/Screenshot_59.png 1 0 0 79 79
p/Screenshot_58.png 1 0 0 90 93
p/Screenshot_57.png 1 0 0 141 94
p/Screenshot_56.png 1 0 0 99 144
p/Screenshot_55.png 1 0 0 76 88
p/Screenshot_54.png 1 0 0 63 67
p/Screenshot_53.png 1 0 0 81 115
p/Screenshot_52.png 1 0 0 82 160
p/Screenshot_51.png 1 0 0 154 99
p/Screenshot_50.png 1 0 0 85 90
p/Screenshot_49.png 1 0 0 285 111
p/Screenshot_48.png 1 0 0 112 90
p/Screenshot_47.png 1 0 0 141 76
p/Screenshot_46.png 1 0 0 65 44
p/Screenshot_45.png 1 0 0 96 83
p/Screenshot_44.png 1 0 0 97 73
p/Screenshot_43.png 1 0 0 77 89
p/Screenshot_42.png 1 0 0 83 87
p/Screenshot_41.png 1 0 0 69 82
p/Screenshot_40.png 1 0 0 113 76
p/Screenshot_39.png 1 0 0 109 103
p/Screenshot_38.png 1 0 0 69 65
p/Screenshot_37.png 1 0 0 185 150
p/Screenshot_36.png 1 0 0 132 134
p/Screenshot_35.png 1 0 0 93 86
p/Screenshot_34.png 1 0 0 87 96
p/Screenshot_33.png 1 0 0 96 117
p/Screenshot_32.png 1 0 0 141 95
p/Screenshot_31.png 1 0 0 150 98
p/Screenshot_30.png 1 0 0 56 49
p/Screenshot_29.png 1 0 0 88 50
p/Screenshot_28.png 1 0 0 79 58
p/Screenshot_27.png 1 0 0 65 133
p/Screenshot_26.png 1 0 0 53 144
p/Screenshot_25.png 1 0 0 80 81
p/Screenshot_24.png 1 0 0 92 120
p/Screenshot_23.png 1 0 0 71 84
p/Screenshot_22.png 1 0 0 87 100
p/Screenshot_21.png 1 0 0 136 139
p/Screenshot_20.png 1 0 0 75 181
p/Screenshot_19.png 1 0 0 88 113
p/Screenshot_18.png 1 0 0 99 135
p/Screenshot_17.png 1 0 0 81 126
p/Screenshot_16.png 1 0 0 88 102
p/Screenshot_15.png 1 0 0 81 135
p/Screenshot_14.png 1 0 0 105 116
p/Screenshot_13.png 1 0 0 102 95
p/Screenshot_12.png 1 0 0 55 75
p/Screenshot_11.png 1 0 0 100 72
p/Screenshot_10.png 1 0 0 119 76
p/Screenshot_9.png 1 0 0 112 75
p/Screenshot_8.png 1 0 0 88 77
p/Screenshot_7.png 1 0 0 108 78
p/Screenshot_6.png 1 0 0 81 91
p/Screenshot_5.png 1 0 0 103 119
p/Screenshot_4.png 1 0 0 49 74
p/Screenshot_3.png 1 0 0 54 77
p/Screenshot_2.png 1 0 0 90 75
p/Screenshot_1.png 1 0 0 66 66
p/5.png 1 0 0 54 70
p/4.png 1 0 0 126 93
p/3.png 1 0 0 75 71
p/2.png 1 0 0 98 63
p/1.png 1 0 0 128 104
p/1646777087581.png 1 0 0 92 138
p/1646777087588.png 1 0 0 138 92
p/1646777087587.png 1 0 0 166 150
p/1646777087585.png 1 0 0 164 164
p/1646777087583.png 1 0 0 150 166
p/1646777087566.png 1 0 0 109 137
p/1646777087572.png 1 0 0 137 109
p/1646777087571.png 1 0 0 175 163
p/1646777087569.png 1 0 0 175 175
p/1646777087568.png 1 0 0 163 175
p/1646777087559.png 1 0 0 144 121
p/1646777087565.png 1 0 0 121 144
p/1646777087564.png 1 0 0 178 187
p/1646777087562.png 1 0 0 188 189
p/1646777087561.png 1 0 0 186 177
p/1646777087552.png 1 0 0 246 151
p/1646777087558.png 1 0 0 151 246
p/1646777087557.png 1 0 0 254 289
p/1646777087555.png 1 0 0 282 281
p/1646777087554.png 1 0 0 290 255
p/1646777087545.png 1 0 0 152 148
p/1646777087551.png 1 0 0 148 152
p/1646777087550.png 1 0 0 206 206
p/1646777087548.png 1 0 0 214 214
p/1646777087547.png 1 0 0 206 206
p/1646777087538.png 1 0 0 123 62
p/1646777087544.png 1 0 0 62 123
p/1646777087543.png 1 0 0 117 138
p/1646777087541.png 1 0 0 131 132
p/1646777087540.png 1 0 0 139 116
p/1646777087531.png 1 0 0 118 60
p/1646777087537.png 1 0 0 60 118
p/1646777087536.png 1 0 0 112 134
p/1646777087534.png 1 0 0 126 126
p/1646777087533.png 1 0 0 134 112
p/1646777087524.png 1 0 0 243 69
p/1646777087529.png 1 0 0 69 243
p/1646777087528.png 1 0 0 183 245
p/1646777087527.png 1 0 0 221 221
p/1646777087525.png 1 0 0 245 183
p/1646777087517.png 1 0 0 70 241
p/1646777087522.png 1 0 0 241 70
p/1646777087521.png 1 0 0 244 183
p/1646777087519.png 1 0 0 220 221
p/1646777087518.png 1 0 0 182 245
p/1646777087509.png 1 0 0 107 125
p/1646777087515.png 1 0 0 125 107
p/1646777087513.png 1 0 0 163 157
p/1646777087512.png 1 0 0 165 165
p/1646777087510.png 1 0 0 157 163
p/1646777087499.png 1 0 0 117 111
p/1646777087507.png 1 0 0 111 117
p/1646777087505.png 1 0 0 155 157
p/1646777087503.png 1 0 0 163 163
p/1646777087501.png 1 0 0 157 155
p/1646777087479.png 1 0 0 108 117
p/1646777087487.png 1 0 0 117 108
p/1646777087485.png 1 0 0 156 153
p/1646777087484.png 1 0 0 160 161
p/1646777087482.png 1 0 0 154 157
p/1646777087471.png 1 0 0 93 127
p/1646777087477.png 1 0 0 127 93
p/1646777087476.png 1 0 0 157 145
p/1646777087474.png 1 0 0 157 157
p/1646777087473.png 1 0 0 145 157
p/1646777087462.png 1 0 0 89 99
p/1646777087470.png 1 0 0 99 89
p/1646777087468.png 1 0 0 131 127
p/1646777087466.png 1 0 0 133 133
p/1646777087463.png 1 0 0 127 131
p/1646777087454.png 1 0 0 106 179
p/1646777087460.png 1 0 0 179 106
p/1646777087459.png 1 0 0 210 183
p/1646777087457.png 1 0 0 202 203
p/1646777087456.png 1 0 0 182 209
p/1646777087445.png 1 0 0 147 106
p/1646777087452.png 1 0 0 106 147
p/1646777087451.png 1 0 0 167 182
p/1646777087449.png 1 0 0 179 180
p/1646777087447.png 1 0 0 181 166
p/1646777087437.png 1 0 0 119 142
p/1646777087444.png 1 0 0 142 119
p/1646777087442.png 1 0 0 183 176
p/1646777087440.png 1 0 0 185 186
p/1646777087439.png 1 0 0 175 184
p/1646777087428.png 1 0 0 105 112
p/1646777087436.png 1 0 0 112 105
p/1646777087434.png 1 0 0 151 148
p/1646777087432.png 1 0 0 155 154
p/1646777087430.png 1 0 0 147 150
p/1646777087420.png 1 0 0 113 118
p/1646777087426.png 1 0 0 118 113
p/1646777087425.png 1 0 0 159 158
p/1646777087423.png 1 0 0 165 164
p/1646777087421.png 1 0 0 157 160
p/1646777087410.png 1 0 0 116 126
p/1646777087418.png 1 0 0 126 116
p/1646777087416.png 1 0 0 168 164
p/1646777087414.png 1 0 0 172 172
p/1646777087412.png 1 0 0 164 168
p/1646777087399.png 1 0 0 167 96
p/1646777087408.png 1 0 0 96 167
p/1646777087406.png 1 0 0 167 194
p/1646777087404.png 1 0 0 187 186
p/1646777087401.png 1 0 0 193 168
p/1646777087377.png 1 0 0 289 81
p/1646777087384.png 1 0 0 81 289
p/1646777087382.png 1 0 0 215 291
p/1646777087381.png 1 0 0 263 263
p/1646777087379.png 1 0 0 291 215
p/1646777087370.png 1 0 0 127 98
p/1646777087376.png 1 0 0 98 127
p/1646777087374.png 1 0 0 149 160
p/1646777087373.png 1 0 0 161 160
p/1646777087372.png 1 0 0 159 150
p/1646777087362.png 1 0 0 168 104
p/1646777087369.png 1 0 0 104 168
p/1646777087367.png 1 0 0 176 198
p/1646777087366.png 1 0 0 194 194
p/1646777087364.png 1 0 0 198 176
p/1646777087355.png 1 0 0 237 238
p/1646777087361.png 1 0 0 238 237
p/1646777087359.png 1 0 0 325 326
p/1646777087358.png 1 0 0 337 336
p/1646777087356.png 1 0 0 325 326
p/1646777087347.png 1 0 0 64 96
p/1646777087353.png 1 0 0 96 64
p/1646777087352.png 1 0 0 116 104
p/1646777087350.png 1 0 0 114 114
p/1646777087349.png 1 0 0 104 116
p/1646777087340.png 1 0 0 73 96
p/1646777087346.png 1 0 0 96 73
p/1646777087344.png 1 0 0 121 112
p/1646777087343.png 1 0 0 121 120
p/1646777087342.png 1 0 0 113 120
p/1646777087333.png 1 0 0 84 126
p/1646777087339.png 1 0 0 126 84
p/1646777087338.png 1 0 0 152 136
p/1646777087336.png 1 0 0 150 150
p/1646777087335.png 1 0 0 136 152
p/1646777087326.png 1 0 0 80 122
p/1646777087332.png 1 0 0 122 80
p/1646777087331.png 1 0 0 146 132
p/1646777087329.png 1 0 0 144 144
p/1646777087328.png 1 0 0 132 146
p/1646777087319.png 1 0 0 91 110
p/1646777087325.png 1 0 0 110 91
p/1646777087323.png 1 0 0 141 134
p/1646777087322.png 1 0 0 143 144
p/1646777087321.png 1 0 0 135 142
p/1646777087311.png 1 0 0 93 110
p/1646777087318.png 1 0 0 110 93
p/1646777087316.png 1 0 0 143 136
p/1646777087315.png 1 0 0 145 144
p/1646777087313.png 1 0 0 137 142
p/1646777087295.png 1 0 0 178 113
p/1646777087301.png 1 0 0 113 178
p/1646777087300.png 1 0 0 188 211
p/1646777087298.png 1 0 0 206 207
p/1646777087297.png 1 0 0 212 187
p/1646777087288.png 1 0 0 250 180
p/1646777087294.png 1 0 0 180 250
p/1646777087292.png 1 0 0 282 308
p/1646777087291.png 1 0 0 306 306
p/1646777087290.png 1 0 0 308 282
p/1646777087281.png 1 0 0 106 125
p/1646777087287.png 1 0 0 125 106
p/1646777087285.png 1 0 0 162 155
p/1646777087284.png 1 0 0 164 165
p/1646777087282.png 1 0 0 156 163
p/1646777087274.png 1 0 0 90 114
p/1646777087280.png 1 0 0 114 90
p/1646777087278.png 1 0 0 144 136
p/1646777087277.png 1 0 0 146 146
p/1646777087275.png 1 0 0 136 144
p/1646777087267.png 1 0 0 65 54
p/1646777087272.png 1 0 0 54 65
p/1646777087271.png 1 0 0 81 84
p/1646777087269.png 1 0 0 85 86
p/1646777087268.png 1 0 0 85 80
p/1646777087259.png 1 0 0 94 53
p/1646777087265.png 1 0 0 53 94
p/1646777087264.png 1 0 0 94 109
p/1646777087262.png 1 0 0 104 105
p/1646777087261.png 1 0 0 108 93
p/1646777087256.png 1 0 0 124 138
p/1646777087255.png 1 0 0 136 136
p/1646777087253.png 1 0 0 138 124
p/1646777087249.png 1 0 0 123 112
p/1646777087248.png 1 0 0 121 122
p/1646777087246.png 1 0 0 113 124
p/1646777087243.png 1 0 0 94 76
p/1646777087242.png 1 0 0 120 114
p/1646777087240.png 1 0 0 122 122
p/1646777087239.png 1 0 0 114 120
p/1646777087236.png 1 0 0 125 75
p/1646777087235.png 1 0 0 147 129
p/1646777087233.png 1 0 0 143 143
p/1646777087232.png 1 0 0 129 147
p/1646777087213.png 1 0 0 128 97
p/1646777087218.png 1 0 0 150 161
p/1646777087216.png 1 0 0 160 161
p/1646777087215.png 1 0 0 160 149
p/1646777087210.png 1 0 0 126 119
p/1646777087209.png 1 0 0 128 127
p/1646777087208.png 1 0 0 120 127
p/1646777087199.png 1 0 0 79 167
p/1646777087205.png 1 0 0 167 79
p/1646777087203.png 1 0 0 185 153
p/1646777087202.png 1 0 0 175 175
p/1646777087200.png 1 0 0 153 185
p/1646777087192.png 1 0 0 90 206
p/1646777087197.png 1 0 0 206 90
p/1646777087196.png 1 0 0 224 182
p/1646777087194.png 1 0 0 210 210
p/1646777087193.png 1 0 0 182 224
p/1646777087189.png 1 0 0 133 127
p/1646777087187.png 1 0 0 135 135
p/1646777087186.png 1 0 0 127 133
p/1646777087183.png 1 0 0 108 112
p/1646777087182.png 1 0 0 150 152
p/1646777087181.png 1 0 0 156 156
p/1646777087179.png 1 0 0 152 150
p/1646777087175.png 1 0 0 101 103
p/1646777087173.png 1 0 0 105 105
p/1646777087172.png 1 0 0 103 101
p/1646777087168.png 1 0 0 108 108
p/1646777087166.png 1 0 0 112 112
p/1646777087165.png 1 0 0 108 108
p/1646777087161.png 1 0 0 108 114
p/1646777087159.png 1 0 0 114 114
p/1646777087158.png 1 0 0 114 108
p/1646777087155.png 1 0 0 65 126
p/1646777087154.png 1 0 0 120 143
p/1646777087152.png 1 0 0 136 137
p/1646777087151.png 1 0 0 142 121
p/1646777087138.png 1 0 0 178 184
p/1646777087136.png 1 0 0 188 188
p/1646777087134.png 1 0 0 184 178
p/1646777087131.png 1 0 0 66 129
p/1646777087129.png 1 0 0 123 146
p/1646777087128.png 1 0 0 139 138
p/1646777087126.png 1 0 0 145 122
p/1646777087117.png 1 0 0 97 195
p/1646777087122.png 1 0 0 219 183
p/1646777087120.png 1 0 0 207 207
p/1646777087119.png 1 0 0 183 219
p/1646777087114.png 1 0 0 124 110
p/1646777087113.png 1 0 0 122 122
p/1646777087111.png 1 0 0 110 124
p/1646777087106.png 1 0 0 140 139
p/1646777087105.png 1 0 0 144 145
p/1646777087103.png 1 0 0 140 141
p/1646777087098.png 1 0 0 121 118
p/1646777087096.png 1 0 0 123 124
p/1646777087094.png 1 0 0 117 122
p/1646777087090.png 1 0 0 100 58
p/1646777087089.png 1 0 0 116 102
p/1646777087086.png 1 0 0 112 112
p/1646777087085.png 1 0 0 102 116
p/1646777087958.png 1 0 0 105 86
p/1646777087948.png 1 0 0 183 99
p/1646777087956.png 1 0 0 99 183
p/1646777087955.png 1 0 0 179 209
p/1646777087953.png 1 0 0 201 201
p/1646777087950.png 1 0 0 209 179
p/1646777087938.png 1 0 0 183 99
p/1646777087947.png 1 0 0 99 183
p/1646777087944.png 1 0 0 179 209
p/1646777087942.png 1 0 0 201 201
p/1646777087940.png 1 0 0 209 179
p/1646777087929.png 1 0 0 185 108
p/1646777087936.png 1 0 0 108 185
p/1646777087934.png 1 0 0 187 216
p/1646777087932.png 1 0 0 209 208
p/1646777087930.png 1 0 0 215 188
p/1646777087909.png 1 0 0 185 108
p/1646777087917.png 1 0 0 108 185
p/1646777087915.png 1 0 0 187 216
p/1646777087913.png 1 0 0 209 208
p/1646777087911.png 1 0 0 215 188
p/1646777087899.png 1 0 0 166 107
p/1646777087907.png 1 0 0 107 166
p/1646777087905.png 1 0 0 176 199
p/1646777087903.png 1 0 0 194 195
p/1646777087901.png 1 0 0 198 177
p/1646777087888.png 1 0 0 166 107
p/1646777087897.png 1 0 0 107 166
p/1646777087895.png 1 0 0 176 199
p/1646777087893.png 1 0 0 194 195
p/1646777087891.png 1 0 0 198 177
p/1646777087878.png 1 0 0 56 180
p/1646777087886.png 1 0 0 180 56
p/1646777087884.png 1 0 0 184 140
p/1646777087882.png 1 0 0 168 168
p/1646777087880.png 1 0 0 140 184
p/1646777087867.png 1 0 0 82 120
p/1646777087876.png 1 0 0 120 82
p/1646777087874.png 1 0 0 146 132
p/1646777087872.png 1 0 0 144 144
p/1646777087869.png 1 0 0 132 146
p/1646777087858.png 1 0 0 82 120
p/1646777087866.png 1 0 0 120 82
p/1646777087864.png 1 0 0 146 132
p/1646777087862.png 1 0 0 144 144
p/1646777087860.png 1 0 0 132 146
p/1646777087848.png 1 0 0 78 114
p/1646777087856.png 1 0 0 114 78
p/1646777087854.png 1 0 0 138 126
p/1646777087852.png 1 0 0 136 136
p/1646777087850.png 1 0 0 126 138
p/1646777087837.png 1 0 0 141 88
p/1646777087845.png 1 0 0 88 141
p/1646777087843.png 1 0 0 147 168
p/1646777087841.png 1 0 0 163 162
p/1646777087839.png 1 0 0 167 148
p/1646777087826.png 1 0 0 84 251
p/1646777087835.png 1 0 0 251 84
p/1646777087832.png 1 0 0 260 199
p/1646777087830.png 1 0 0 238 237
p/1646777087828.png 1 0 0 200 261
p/1646777087818.png 1 0 0 78 150
p/1646777087824.png 1 0 0 150 78
p/1646777087823.png 1 0 0 170 144
p/1646777087821.png 1 0 0 162 162
p/1646777087820.png 1 0 0 144 170
p/1646777087801.png 1 0 0 126 78
p/1646777087809.png 1 0 0 78 126
p/1646777087806.png 1 0 0 132 150
p/1646777087805.png 1 0 0 146 146
p/1646777087803.png 1 0 0 150 132
p/1646777087791.png 1 0 0 71 108
p/1646777087799.png 1 0 0 108 71
p/1646777087797.png 1 0 0 131 116
p/1646777087795.png 1 0 0 127 128
p/1646777087793.png 1 0 0 117 130
p/1646777087782.png 1 0 0 179 254
p/1646777087789.png 1 0 0 254 179
p/1646777087787.png 1 0 0 311 284
p/1646777087785.png 1 0 0 307 308
p/1646777087783.png 1 0 0 283 310
p/1646777087772.png 1 0 0 162 94
p/1646777087780.png 1 0 0 94 162
p/1646777087778.png 1 0 0 164 188
p/1646777087776.png 1 0 0 182 182
p/1646777087774.png 1 0 0 188 164
p/1646777087761.png 1 0 0 124 120
p/1646777087770.png 1 0 0 120 124
p/1646777087768.png 1 0 0 166 168
p/1646777087766.png 1 0 0 174 174
p/1646777087763.png 1 0 0 168 166
p/1646777087751.png 1 0 0 206 134
p/1646777087759.png 1 0 0 134 206
p/1646777087757.png 1 0 0 220 246
p/1646777087755.png 1 0 0 242 242
p/1646777087753.png 1 0 0 246 220
p/1646777087741.png 1 0 0 129 105
p/1646777087749.png 1 0 0 105 129
p/1646777087747.png 1 0 0 157 165
p/1646777087745.png 1 0 0 167 167
p/1646777087743.png 1 0 0 165 157
p/1646777087730.png 1 0 0 129 105
p/1646777087739.png 1 0 0 105 129
p/1646777087737.png 1 0 0 157 165
p/1646777087734.png 1 0 0 167 167
p/1646777087732.png 1 0 0 165 157
p/1646777087720.png 1 0 0 106 128
p/1646777087728.png 1 0 0 128 106
p/1646777087726.png 1 0 0 164 156
p/1646777087724.png 1 0 0 166 166
p/1646777087722.png 1 0 0 156 164
p/1646777087710.png 1 0 0 82 87
p/1646777087718.png 1 0 0 87 82
p/1646777087716.png 1 0 0 118 115
p/1646777087714.png 1 0 0 120 121
p/1646777087712.png 1 0 0 116 117
p/1646777087692.png 1 0 0 182 152
p/1646777087699.png 1 0 0 152 182
p/1646777087698.png 1 0 0 224 234
p/1646777087696.png 1 0 0 238 238
p/1646777087694.png 1 0 0 234 224
p/1646777087683.png 1 0 0 150 214
p/1646777087690.png 1 0 0 214 150
p/1646777087688.png 1 0 0 262 238
p/1646777087687.png 1 0 0 258 258
p/1646777087685.png 1 0 0 238 262
p/1646777087674.png 1 0 0 182 153
p/1646777087681.png 1 0 0 153 182
p/1646777087679.png 1 0 0 224 235
p/1646777087678.png 1 0 0 238 237
p/1646777087676.png 1 0 0 236 225
p/1646777087665.png 1 0 0 154 173
p/1646777087672.png 1 0 0 173 154
p/1646777087670.png 1 0 0 228 221
p/1646777087668.png 1 0 0 232 233
p/1646777087666.png 1 0 0 220 227
p/1646777087655.png 1 0 0 194 82
p/1646777087663.png 1 0 0 82 194
p/1646777087661.png 1 0 0 170 210
p/1646777087659.png 1 0 0 196 196
p/1646777087657.png 1 0 0 210 170
p/1646777087648.png 1 0 0 194 82
p/1646777087654.png 1 0 0 82 194
p/1646777087652.png 1 0 0 170 210
p/1646777087651.png 1 0 0 196 196
p/1646777087649.png 1 0 0 210 170
p/1646777087640.png 1 0 0 156 77
p/1646777087646.png 1 0 0 77 156
p/1646777087645.png 1 0 0 146 175
p/1646777087643.png 1 0 0 166 165
p/1646777087642.png 1 0 0 174 145
p/1646777087631.png 1 0 0 156 77
p/1646777087638.png 1 0 0 77 156
p/1646777087636.png 1 0 0 146 175
p/1646777087635.png 1 0 0 166 165
p/1646777087633.png 1 0 0 174 145
p/1646777087622.png 1 0 0 130 125
p/1646777087629.png 1 0 0 125 130
p/1646777087627.png 1 0 0 174 177
p/1646777087625.png 1 0 0 182 181
p/1646777087624.png 1 0 0 176 175
p/1646777087615.png 1 0 0 138 77
p/1646777087621.png 1 0 0 77 138
p/1646777087620.png 1 0 0 136 159
p/1646777087618.png 1 0 0 154 153
p/1646777087617.png 1 0 0 160 137
p/1646777087597.png 1 0 0 138 77
p/1646777087605.png 1 0 0 77 138
p/1646777087603.png 1 0 0 136 159
p/1646777087601.png 1 0 0 154 153
p/1646777087599.png 1 0 0 160 137
p/1646777087589.png 1 0 0 123 70
p/1646777087595.png 1 0 0 70 123
p/1646777087594.png 1 0 0 123 142
p/1646777087592.png 1 0 0 137 138
p/1646777087591.png 1 0 0 143 124
p/1646777087573.png 1 0 0 83 86
p/1646777087580.png 1 0 0 86 83
p/1646777087578.png 1 0 0 117 116
p/1646777087576.png 1 0 0 121 120
p/1646777087575.png 1 0 0 115 116
p/1646777087488.png 1 0 0 83 86
p/1646777087496.png 1 0 0 86 83
p/1646777087494.png 1 0 0 117 116
p/1646777087492.png 1 0 0 121 120
p/1646777087490.png 1 0 0 115 116
p/1646777087386.png 1 0 0 122 98
p/1646777087394.png 1 0 0 98 122
p/1646777087392.png 1 0 0 146 156
p/1646777087390.png 1 0 0 156 156
p/1646777087388.png 1 0 0 156 146
p/1646777087303.png 1 0 0 122 98
p/1646777087309.png 1 0 0 98 122
p/1646777087308.png 1 0 0 146 156
p/1646777087306.png 1 0 0 156 156
p/1646777087304.png 1 0 0 156 146
p/1646777087228.png 1 0 0 111 134
p/1646777087226.png 1 0 0 164 173
p/1646777087224.png 1 0 0 174 175
p/1646777087222.png 1 0 0 172 165
p/1646777087148.png 1 0 0 87 108
p/1646777087146.png 1 0 0 130 139
p/1646777087144.png 1 0 0 138 139
p/1646777087143.png 1 0 0 138 131
p/1646777087919.png 1 0 0 164 112
p/1646777087927.png 1 0 0 112 164
p/1646777087925.png 1 0 0 180 200
p/1646777087923.png 1 0 0 196 196
p/1646777087921.png 1 0 0 200 180
p/1646777087810.png 1 0 0 173 88
p/1646777087817.png 1 0 0 88 173
p/1646777087815.png 1 0 0 163 194
p/1646777087814.png 1 0 0 185 186
p/1646777087812.png 1 0 0 195 164
p/1646777087701.png 1 0 0 174 77
p/1646777087709.png 1 0 0 77 174
p/1646777087707.png 1 0 0 154 191
p/1646777087705.png 1 0 0 178 179
p/1646777087703.png 1 0 0 190 155
p/1646777087606.png 1 0 0 91 131
p/1646777087614.png 1 0 0 131 91
p/1646777087612.png 1 0 0 159 145
p/1646777087610.png 1 0 0 157 157
p/1646777087608.png 1 0 0 145 159